0 info it worked if it ends with ok
1 verbose cli [ 'C:\\Program Files\\nodejs\\node.exe',
1 verbose cli   'C:\\Program Files\\nodejs\\node_modules\\npm\\bin\\npm-cli.js',
1 verbose cli   'install',
1 verbose cli   'react-soundplayer',
1 verbose cli   '--save' ]
2 info using npm@3.10.10
3 info using node@v6.10.0
4 silly loadCurrentTree Starting
5 silly install loadCurrentTree
6 silly install readLocalPackageData
7 silly fetchPackageMetaData react-soundplayer
8 silly fetchNamedPackageData react-soundplayer
9 silly mapToRegistry name react-soundplayer
10 silly mapToRegistry using default registry
11 silly mapToRegistry registry https://registry.npmjs.org/
12 silly mapToRegistry data Result {
12 silly mapToRegistry   raw: 'react-soundplayer',
12 silly mapToRegistry   scope: null,
12 silly mapToRegistry   escapedName: 'react-soundplayer',
12 silly mapToRegistry   name: 'react-soundplayer',
12 silly mapToRegistry   rawSpec: '',
12 silly mapToRegistry   spec: 'latest',
12 silly mapToRegistry   type: 'tag' }
13 silly mapToRegistry uri https://registry.npmjs.org/react-soundplayer
14 verbose request uri https://registry.npmjs.org/react-soundplayer
15 verbose request no auth needed
16 info attempt registry request try #1 at 10:46:45 PM
17 verbose request id 763f3dc6bd049c39
18 http request GET https://registry.npmjs.org/react-soundplayer
19 http 200 https://registry.npmjs.org/react-soundplayer
20 verbose headers { server: 'nginx/1.10.3',
20 verbose headers   'content-type': 'application/json',
20 verbose headers   'last-modified': 'Sat, 29 Oct 2016 22:09:04 GMT',
20 verbose headers   etag: 'W/"58151e00-a62e"',
20 verbose headers   'content-encoding': 'gzip',
20 verbose headers   'cache-control': 'max-age=300',
20 verbose headers   'content-length': '7190',
20 verbose headers   'accept-ranges': 'bytes',
20 verbose headers   date: 'Sun, 07 May 2017 15:46:32 GMT',
20 verbose headers   via: '1.1 varnish',
20 verbose headers   age: '0',
20 verbose headers   connection: 'keep-alive',
20 verbose headers   'x-served-by': 'cache-hkg6821-HKG',
20 verbose headers   'x-cache': 'MISS',
20 verbose headers   'x-cache-hits': '0',
20 verbose headers   'x-timer': 'S1494171992.879925,VS0,VE210',
20 verbose headers   vary: 'Accept-Encoding' }
21 silly get cb [ 200,
21 silly get   { server: 'nginx/1.10.3',
21 silly get     'content-type': 'application/json',
21 silly get     'last-modified': 'Sat, 29 Oct 2016 22:09:04 GMT',
21 silly get     etag: 'W/"58151e00-a62e"',
21 silly get     'content-encoding': 'gzip',
21 silly get     'cache-control': 'max-age=300',
21 silly get     'content-length': '7190',
21 silly get     'accept-ranges': 'bytes',
21 silly get     date: 'Sun, 07 May 2017 15:46:32 GMT',
21 silly get     via: '1.1 varnish',
21 silly get     age: '0',
21 silly get     connection: 'keep-alive',
21 silly get     'x-served-by': 'cache-hkg6821-HKG',
21 silly get     'x-cache': 'MISS',
21 silly get     'x-cache-hits': '0',
21 silly get     'x-timer': 'S1494171992.879925,VS0,VE210',
21 silly get     vary: 'Accept-Encoding' } ]
22 verbose get saving react-soundplayer to C:\Users\Ha C O Hai\AppData\Roaming\npm-cache\registry.npmjs.org\react-soundplayer\.cache.json
23 verbose correctMkdir C:\Users\Ha C O Hai\AppData\Roaming\npm-cache correctMkdir not in flight; initializing
24 silly install normalizeTree
25 silly loadCurrentTree Finishing
26 silly loadIdealTree Starting
27 silly install loadIdealTree
28 silly cloneCurrentTree Starting
29 silly install cloneCurrentTreeToIdealTree
30 silly cloneCurrentTree Finishing
31 silly loadShrinkwrap Starting
32 silly install loadShrinkwrap
33 silly loadShrinkwrap Finishing
34 silly loadAllDepsIntoIdealTree Starting
35 silly install loadAllDepsIntoIdealTree
36 silly resolveWithNewModule react-soundplayer@0.3.6 checking installable status
37 silly cache add args [ 'react-soundplayer', null ]
38 verbose cache add spec react-soundplayer
39 silly cache add parsed spec Result {
39 silly cache add   raw: 'react-soundplayer',
39 silly cache add   scope: null,
39 silly cache add   escapedName: 'react-soundplayer',
39 silly cache add   name: 'react-soundplayer',
39 silly cache add   rawSpec: '',
39 silly cache add   spec: 'latest',
39 silly cache add   type: 'tag' }
40 silly addNamed react-soundplayer@latest
41 verbose addNamed "latest" is being treated as a dist-tag for react-soundplayer
42 info addNameTag [ 'react-soundplayer', 'latest' ]
43 silly mapToRegistry name react-soundplayer
44 silly mapToRegistry using default registry
45 silly mapToRegistry registry https://registry.npmjs.org/
46 silly mapToRegistry data Result {
46 silly mapToRegistry   raw: 'react-soundplayer',
46 silly mapToRegistry   scope: null,
46 silly mapToRegistry   escapedName: 'react-soundplayer',
46 silly mapToRegistry   name: 'react-soundplayer',
46 silly mapToRegistry   rawSpec: '',
46 silly mapToRegistry   spec: 'latest',
46 silly mapToRegistry   type: 'tag' }
47 silly mapToRegistry uri https://registry.npmjs.org/react-soundplayer
48 verbose addNameTag registry:https://registry.npmjs.org/react-soundplayer not in flight; fetching
49 verbose get https://registry.npmjs.org/react-soundplayer not expired, no request
50 silly addNameTag next cb for react-soundplayer with tag latest
51 silly addNamed react-soundplayer@0.3.6
52 verbose addNamed "0.3.6" is a plain semver version for react-soundplayer
53 silly mapToRegistry name react-soundplayer
54 silly mapToRegistry using default registry
55 silly mapToRegistry registry https://registry.npmjs.org/
56 silly mapToRegistry data Result {
56 silly mapToRegistry   raw: 'react-soundplayer',
56 silly mapToRegistry   scope: null,
56 silly mapToRegistry   escapedName: 'react-soundplayer',
56 silly mapToRegistry   name: 'react-soundplayer',
56 silly mapToRegistry   rawSpec: '',
56 silly mapToRegistry   spec: 'latest',
56 silly mapToRegistry   type: 'tag' }
57 silly mapToRegistry uri https://registry.npmjs.org/react-soundplayer
58 verbose addRemoteTarball https://registry.npmjs.org/react-soundplayer/-/react-soundplayer-0.3.6.tgz not in flight; adding
59 verbose addRemoteTarball [ 'https://registry.npmjs.org/react-soundplayer/-/react-soundplayer-0.3.6.tgz',
59 verbose addRemoteTarball   '065e996805eec65191fba917ffc9385570caf315' ]
60 info retry fetch attempt 1 at 10:46:48 PM
61 info attempt registry request try #1 at 10:46:48 PM
62 http fetch GET https://registry.npmjs.org/react-soundplayer/-/react-soundplayer-0.3.6.tgz
63 http fetch 200 https://registry.npmjs.org/react-soundplayer/-/react-soundplayer-0.3.6.tgz
64 silly fetchAndShaCheck shasum 065e996805eec65191fba917ffc9385570caf315
65 verbose addTmpTarball C:\Users\HACOHA~1\AppData\Local\Temp\npm-664-0f8364a2\registry.npmjs.org\react-soundplayer\-\react-soundplayer-0.3.6.tgz not in flight; adding
66 verbose addTmpTarball already have metadata; skipping unpack for react-soundplayer@0.3.6
67 verbose correctMkdir C:\Users\Ha C O Hai\AppData\Roaming\npm-cache correctMkdir not in flight; initializing
68 silly cache afterAdd react-soundplayer@0.3.6
69 verbose afterAdd C:\Users\Ha C O Hai\AppData\Roaming\npm-cache\react-soundplayer\0.3.6\package\package.json not in flight; writing
70 verbose correctMkdir C:\Users\Ha C O Hai\AppData\Roaming\npm-cache correctMkdir not in flight; initializing
71 verbose afterAdd C:\Users\Ha C O Hai\AppData\Roaming\npm-cache\react-soundplayer\0.3.6\package\package.json written
72 silly fetchNamedPackageData classnames
73 silly mapToRegistry name classnames
74 silly mapToRegistry using default registry
75 silly mapToRegistry registry https://registry.npmjs.org/
76 silly mapToRegistry data Result {
76 silly mapToRegistry   raw: 'classnames',
76 silly mapToRegistry   scope: null,
76 silly mapToRegistry   escapedName: 'classnames',
76 silly mapToRegistry   name: 'classnames',
76 silly mapToRegistry   rawSpec: '',
76 silly mapToRegistry   spec: 'latest',
76 silly mapToRegistry   type: 'tag' }
77 silly mapToRegistry uri https://registry.npmjs.org/classnames
78 silly fetchNamedPackageData soundcloud-audio
79 silly mapToRegistry name soundcloud-audio
80 silly mapToRegistry using default registry
81 silly mapToRegistry registry https://registry.npmjs.org/
82 silly mapToRegistry data Result {
82 silly mapToRegistry   raw: 'soundcloud-audio',
82 silly mapToRegistry   scope: null,
82 silly mapToRegistry   escapedName: 'soundcloud-audio',
82 silly mapToRegistry   name: 'soundcloud-audio',
82 silly mapToRegistry   rawSpec: '',
82 silly mapToRegistry   spec: 'latest',
82 silly mapToRegistry   type: 'tag' }
83 silly mapToRegistry uri https://registry.npmjs.org/soundcloud-audio
84 verbose request uri https://registry.npmjs.org/classnames
85 verbose request no auth needed
86 info attempt registry request try #1 at 10:46:50 PM
87 http request GET https://registry.npmjs.org/classnames
88 verbose request uri https://registry.npmjs.org/soundcloud-audio
89 verbose request no auth needed
90 info attempt registry request try #1 at 10:46:50 PM
91 http request GET https://registry.npmjs.org/soundcloud-audio
92 http 200 https://registry.npmjs.org/classnames
93 verbose headers { server: 'nginx/1.10.1',
93 verbose headers   'content-type': 'application/json',
93 verbose headers   'last-modified': 'Wed, 03 May 2017 08:24:21 GMT',
93 verbose headers   etag: 'W/"590993b5-82b1"',
93 verbose headers   'content-encoding': 'gzip',
93 verbose headers   'cache-control': 'max-age=300',
93 verbose headers   'content-length': '6456',
93 verbose headers   'accept-ranges': 'bytes',
93 verbose headers   date: 'Sun, 07 May 2017 15:46:36 GMT',
93 verbose headers   via: '1.1 varnish',
93 verbose headers   age: '33',
93 verbose headers   connection: 'keep-alive',
93 verbose headers   'x-served-by': 'cache-hkg6821-HKG',
93 verbose headers   'x-cache': 'HIT',
93 verbose headers   'x-cache-hits': '2',
93 verbose headers   'x-timer': 'S1494171996.160121,VS0,VE0',
93 verbose headers   vary: 'Accept-Encoding' }
94 silly get cb [ 200,
94 silly get   { server: 'nginx/1.10.1',
94 silly get     'content-type': 'application/json',
94 silly get     'last-modified': 'Wed, 03 May 2017 08:24:21 GMT',
94 silly get     etag: 'W/"590993b5-82b1"',
94 silly get     'content-encoding': 'gzip',
94 silly get     'cache-control': 'max-age=300',
94 silly get     'content-length': '6456',
94 silly get     'accept-ranges': 'bytes',
94 silly get     date: 'Sun, 07 May 2017 15:46:36 GMT',
94 silly get     via: '1.1 varnish',
94 silly get     age: '33',
94 silly get     connection: 'keep-alive',
94 silly get     'x-served-by': 'cache-hkg6821-HKG',
94 silly get     'x-cache': 'HIT',
94 silly get     'x-cache-hits': '2',
94 silly get     'x-timer': 'S1494171996.160121,VS0,VE0',
94 silly get     vary: 'Accept-Encoding' } ]
95 verbose get saving classnames to C:\Users\Ha C O Hai\AppData\Roaming\npm-cache\registry.npmjs.org\classnames\.cache.json
96 verbose correctMkdir C:\Users\Ha C O Hai\AppData\Roaming\npm-cache correctMkdir not in flight; initializing
97 silly resolveWithNewModule classnames@2.2.5 checking installable status
98 silly cache add args [ 'classnames@^2.1.2', null ]
99 verbose cache add spec classnames@^2.1.2
100 silly cache add parsed spec Result {
100 silly cache add   raw: 'classnames@^2.1.2',
100 silly cache add   scope: null,
100 silly cache add   escapedName: 'classnames',
100 silly cache add   name: 'classnames',
100 silly cache add   rawSpec: '^2.1.2',
100 silly cache add   spec: '>=2.1.2 <3.0.0',
100 silly cache add   type: 'range' }
101 silly addNamed classnames@>=2.1.2 <3.0.0
102 verbose addNamed ">=2.1.2 <3.0.0" is a valid semver range for classnames
103 silly addNameRange { name: 'classnames', range: '>=2.1.2 <3.0.0', hasData: false }
104 silly mapToRegistry name classnames
105 silly mapToRegistry using default registry
106 silly mapToRegistry registry https://registry.npmjs.org/
107 silly mapToRegistry data Result {
107 silly mapToRegistry   raw: 'classnames',
107 silly mapToRegistry   scope: null,
107 silly mapToRegistry   escapedName: 'classnames',
107 silly mapToRegistry   name: 'classnames',
107 silly mapToRegistry   rawSpec: '',
107 silly mapToRegistry   spec: 'latest',
107 silly mapToRegistry   type: 'tag' }
108 silly mapToRegistry uri https://registry.npmjs.org/classnames
109 verbose addNameRange registry:https://registry.npmjs.org/classnames not in flight; fetching
110 verbose get https://registry.npmjs.org/classnames not expired, no request
111 silly addNameRange number 2 { name: 'classnames', range: '>=2.1.2 <3.0.0', hasData: true }
112 silly addNameRange versions [ 'classnames',
112 silly addNameRange   [ '1.0.0',
112 silly addNameRange     '1.1.0',
112 silly addNameRange     '1.1.1',
112 silly addNameRange     '1.1.2',
112 silly addNameRange     '1.1.3',
112 silly addNameRange     '1.1.4',
112 silly addNameRange     '1.2.0',
112 silly addNameRange     '1.2.1',
112 silly addNameRange     '1.2.2',
112 silly addNameRange     '2.0.0',
112 silly addNameRange     '2.1.0',
112 silly addNameRange     '2.1.1',
112 silly addNameRange     '2.1.2',
112 silly addNameRange     '2.1.3',
112 silly addNameRange     '2.1.4',
112 silly addNameRange     '2.1.5',
112 silly addNameRange     '2.2.0',
112 silly addNameRange     '2.2.1',
112 silly addNameRange     '2.2.2',
112 silly addNameRange     '2.2.3',
112 silly addNameRange     '2.2.4',
112 silly addNameRange     '2.2.5' ] ]
113 silly addNamed classnames@2.2.5
114 verbose addNamed "2.2.5" is a plain semver version for classnames
115 silly mapToRegistry name classnames
116 silly mapToRegistry using default registry
117 silly mapToRegistry registry https://registry.npmjs.org/
118 silly mapToRegistry data Result {
118 silly mapToRegistry   raw: 'classnames',
118 silly mapToRegistry   scope: null,
118 silly mapToRegistry   escapedName: 'classnames',
118 silly mapToRegistry   name: 'classnames',
118 silly mapToRegistry   rawSpec: '',
118 silly mapToRegistry   spec: 'latest',
118 silly mapToRegistry   type: 'tag' }
119 silly mapToRegistry uri https://registry.npmjs.org/classnames
120 verbose addRemoteTarball https://registry.npmjs.org/classnames/-/classnames-2.2.5.tgz not in flight; adding
121 verbose addRemoteTarball [ 'https://registry.npmjs.org/classnames/-/classnames-2.2.5.tgz',
121 verbose addRemoteTarball   'fb3801d453467649ef3603c7d61a02bd129bde6d' ]
122 http 200 https://registry.npmjs.org/soundcloud-audio
123 verbose headers { server: 'nginx/1.10.3',
123 verbose headers   'content-type': 'application/json',
123 verbose headers   'last-modified': 'Fri, 06 Jan 2017 13:10:12 GMT',
123 verbose headers   etag: 'W/"586f9734-7c1b"',
123 verbose headers   'content-encoding': 'gzip',
123 verbose headers   'cache-control': 'max-age=300',
123 verbose headers   'content-length': '5607',
123 verbose headers   'accept-ranges': 'bytes',
123 verbose headers   date: 'Sun, 07 May 2017 15:46:36 GMT',
123 verbose headers   via: '1.1 varnish',
123 verbose headers   age: '0',
123 verbose headers   connection: 'keep-alive',
123 verbose headers   'x-served-by': 'cache-hkg6821-HKG',
123 verbose headers   'x-cache': 'MISS',
123 verbose headers   'x-cache-hits': '0',
123 verbose headers   'x-timer': 'S1494171996.259822,VS0,VE164',
123 verbose headers   vary: 'Accept-Encoding' }
124 silly get cb [ 200,
124 silly get   { server: 'nginx/1.10.3',
124 silly get     'content-type': 'application/json',
124 silly get     'last-modified': 'Fri, 06 Jan 2017 13:10:12 GMT',
124 silly get     etag: 'W/"586f9734-7c1b"',
124 silly get     'content-encoding': 'gzip',
124 silly get     'cache-control': 'max-age=300',
124 silly get     'content-length': '5607',
124 silly get     'accept-ranges': 'bytes',
124 silly get     date: 'Sun, 07 May 2017 15:46:36 GMT',
124 silly get     via: '1.1 varnish',
124 silly get     age: '0',
124 silly get     connection: 'keep-alive',
124 silly get     'x-served-by': 'cache-hkg6821-HKG',
124 silly get     'x-cache': 'MISS',
124 silly get     'x-cache-hits': '0',
124 silly get     'x-timer': 'S1494171996.259822,VS0,VE164',
124 silly get     vary: 'Accept-Encoding' } ]
125 verbose get saving soundcloud-audio to C:\Users\Ha C O Hai\AppData\Roaming\npm-cache\registry.npmjs.org\soundcloud-audio\.cache.json
126 verbose correctMkdir C:\Users\Ha C O Hai\AppData\Roaming\npm-cache correctMkdir not in flight; initializing
127 info retry fetch attempt 1 at 10:46:50 PM
128 info attempt registry request try #1 at 10:46:50 PM
129 http fetch GET https://registry.npmjs.org/classnames/-/classnames-2.2.5.tgz
130 silly resolveWithNewModule soundcloud-audio@1.1.0 checking installable status
131 silly cache add args [ 'soundcloud-audio@^1.0.3', null ]
132 verbose cache add spec soundcloud-audio@^1.0.3
133 silly cache add parsed spec Result {
133 silly cache add   raw: 'soundcloud-audio@^1.0.3',
133 silly cache add   scope: null,
133 silly cache add   escapedName: 'soundcloud-audio',
133 silly cache add   name: 'soundcloud-audio',
133 silly cache add   rawSpec: '^1.0.3',
133 silly cache add   spec: '>=1.0.3 <2.0.0',
133 silly cache add   type: 'range' }
134 silly addNamed soundcloud-audio@>=1.0.3 <2.0.0
135 verbose addNamed ">=1.0.3 <2.0.0" is a valid semver range for soundcloud-audio
136 silly addNameRange { name: 'soundcloud-audio',
136 silly addNameRange   range: '>=1.0.3 <2.0.0',
136 silly addNameRange   hasData: false }
137 silly mapToRegistry name soundcloud-audio
138 silly mapToRegistry using default registry
139 silly mapToRegistry registry https://registry.npmjs.org/
140 silly mapToRegistry data Result {
140 silly mapToRegistry   raw: 'soundcloud-audio',
140 silly mapToRegistry   scope: null,
140 silly mapToRegistry   escapedName: 'soundcloud-audio',
140 silly mapToRegistry   name: 'soundcloud-audio',
140 silly mapToRegistry   rawSpec: '',
140 silly mapToRegistry   spec: 'latest',
140 silly mapToRegistry   type: 'tag' }
141 silly mapToRegistry uri https://registry.npmjs.org/soundcloud-audio
142 verbose addNameRange registry:https://registry.npmjs.org/soundcloud-audio not in flight; fetching
143 verbose get https://registry.npmjs.org/soundcloud-audio not expired, no request
144 silly addNameRange number 2 { name: 'soundcloud-audio',
144 silly addNameRange   range: '>=1.0.3 <2.0.0',
144 silly addNameRange   hasData: true }
145 silly addNameRange versions [ 'soundcloud-audio',
145 silly addNameRange   [ '0.1.0',
145 silly addNameRange     '0.1.1',
145 silly addNameRange     '0.1.2',
145 silly addNameRange     '0.1.3',
145 silly addNameRange     '0.1.4',
145 silly addNameRange     '0.1.5',
145 silly addNameRange     '0.1.6',
145 silly addNameRange     '0.1.7',
145 silly addNameRange     '1.0.0',
145 silly addNameRange     '1.0.1',
145 silly addNameRange     '1.0.2',
145 silly addNameRange     '1.0.3',
145 silly addNameRange     '1.0.4',
145 silly addNameRange     '1.1.0' ] ]
146 silly addNamed soundcloud-audio@1.1.0
147 verbose addNamed "1.1.0" is a plain semver version for soundcloud-audio
148 silly mapToRegistry name soundcloud-audio
149 silly mapToRegistry using default registry
150 silly mapToRegistry registry https://registry.npmjs.org/
151 silly mapToRegistry data Result {
151 silly mapToRegistry   raw: 'soundcloud-audio',
151 silly mapToRegistry   scope: null,
151 silly mapToRegistry   escapedName: 'soundcloud-audio',
151 silly mapToRegistry   name: 'soundcloud-audio',
151 silly mapToRegistry   rawSpec: '',
151 silly mapToRegistry   spec: 'latest',
151 silly mapToRegistry   type: 'tag' }
152 silly mapToRegistry uri https://registry.npmjs.org/soundcloud-audio
153 verbose addRemoteTarball https://registry.npmjs.org/soundcloud-audio/-/soundcloud-audio-1.1.0.tgz not in flight; adding
154 verbose addRemoteTarball [ 'https://registry.npmjs.org/soundcloud-audio/-/soundcloud-audio-1.1.0.tgz',
154 verbose addRemoteTarball   'e2ec2da4f8ceefa50f03c013364884a2fc6385a5' ]
155 http fetch 200 https://registry.npmjs.org/classnames/-/classnames-2.2.5.tgz
156 info retry fetch attempt 1 at 10:46:50 PM
157 info attempt registry request try #1 at 10:46:50 PM
158 http fetch GET https://registry.npmjs.org/soundcloud-audio/-/soundcloud-audio-1.1.0.tgz
159 silly fetchAndShaCheck shasum fb3801d453467649ef3603c7d61a02bd129bde6d
160 verbose addTmpTarball C:\Users\HACOHA~1\AppData\Local\Temp\npm-664-0f8364a2\registry.npmjs.org\classnames\-\classnames-2.2.5.tgz not in flight; adding
161 verbose addTmpTarball already have metadata; skipping unpack for classnames@2.2.5
162 verbose correctMkdir C:\Users\Ha C O Hai\AppData\Roaming\npm-cache correctMkdir not in flight; initializing
163 silly cache afterAdd classnames@2.2.5
164 verbose afterAdd C:\Users\Ha C O Hai\AppData\Roaming\npm-cache\classnames\2.2.5\package\package.json not in flight; writing
165 verbose correctMkdir C:\Users\Ha C O Hai\AppData\Roaming\npm-cache correctMkdir not in flight; initializing
166 verbose afterAdd C:\Users\Ha C O Hai\AppData\Roaming\npm-cache\classnames\2.2.5\package\package.json written
167 http fetch 200 https://registry.npmjs.org/soundcloud-audio/-/soundcloud-audio-1.1.0.tgz
168 silly fetchAndShaCheck shasum e2ec2da4f8ceefa50f03c013364884a2fc6385a5
169 verbose addTmpTarball C:\Users\HACOHA~1\AppData\Local\Temp\npm-664-0f8364a2\registry.npmjs.org\soundcloud-audio\-\soundcloud-audio-1.1.0.tgz not in flight; adding
170 verbose addTmpTarball already have metadata; skipping unpack for soundcloud-audio@1.1.0
171 verbose correctMkdir C:\Users\Ha C O Hai\AppData\Roaming\npm-cache correctMkdir not in flight; initializing
172 silly cache afterAdd soundcloud-audio@1.1.0
173 verbose afterAdd C:\Users\Ha C O Hai\AppData\Roaming\npm-cache\soundcloud-audio\1.1.0\package\package.json not in flight; writing
174 verbose correctMkdir C:\Users\Ha C O Hai\AppData\Roaming\npm-cache correctMkdir not in flight; initializing
175 verbose afterAdd C:\Users\Ha C O Hai\AppData\Roaming\npm-cache\soundcloud-audio\1.1.0\package\package.json written
176 silly loadAllDepsIntoIdealTree Finishing
177 silly loadIdealTree Finishing
178 silly currentTree seminar@0.0.1
178 silly currentTree +-- abab@1.0.3
178 silly currentTree +-- absolute-path@0.0.0
178 silly currentTree +-- accepts@1.2.13
178 silly currentTree +-- acorn-globals@3.1.0
178 silly currentTree +-- acorn@4.0.11
178 silly currentTree +-- ajv@4.11.7
178 silly currentTree +-- align-text@0.1.4
178 silly currentTree +-- amdefine@1.0.1
178 silly currentTree +-- ansi-escapes@1.4.0
178 silly currentTree +-- ansi-regex@2.1.1
178 silly currentTree +-- ansi-styles@2.2.1
178 silly currentTree +-- ansi@0.3.1
178 silly currentTree +-- anymatch@1.3.0
178 silly currentTree +-- append-transform@0.4.0
178 silly currentTree +-- are-we-there-yet@1.1.4
178 silly currentTree +-- argparse@1.0.9
178 silly currentTree +-- arr-diff@2.0.0
178 silly currentTree +-- arr-flatten@1.0.3
178 silly currentTree +-- array-differ@1.0.0
178 silly currentTree +-- array-equal@1.0.0
178 silly currentTree +-- array-filter@0.0.1
178 silly currentTree +-- array-map@0.0.0
178 silly currentTree +-- array-reduce@0.0.0
178 silly currentTree +-- array-uniq@1.0.3
178 silly currentTree +-- array-unique@0.2.1
178 silly currentTree +-- arrify@1.0.1
178 silly currentTree +-- art@0.10.1
178 silly currentTree +-- asap@2.0.5
178 silly currentTree +-- asn1@0.2.3
178 silly currentTree +-- assert-plus@0.2.0
178 silly currentTree +-- async@2.3.0
178 silly currentTree +-- asynckit@0.4.0
178 silly currentTree +-- aws-sign2@0.6.0
178 silly currentTree +-- aws4@1.6.0
178 silly currentTree +-- babel-code-frame@6.22.0
178 silly currentTree +-- babel-core@6.24.1
178 silly currentTree | `-- json5@0.5.1
178 silly currentTree +-- babel-generator@6.24.1
178 silly currentTree +-- babel-helper-builder-react-jsx@6.24.1
178 silly currentTree +-- babel-helper-call-delegate@6.24.1
178 silly currentTree +-- babel-helper-define-map@6.24.1
178 silly currentTree +-- babel-helper-function-name@6.24.1
178 silly currentTree +-- babel-helper-get-function-arity@6.24.1
178 silly currentTree +-- babel-helper-hoist-variables@6.24.1
178 silly currentTree +-- babel-helper-optimise-call-expression@6.24.1
178 silly currentTree +-- babel-helper-regex@6.24.1
178 silly currentTree +-- babel-helper-remap-async-to-generator@6.24.1
178 silly currentTree +-- babel-helper-replace-supers@6.24.1
178 silly currentTree +-- babel-helpers@6.24.1
178 silly currentTree +-- babel-jest@19.0.0
178 silly currentTree +-- babel-messages@6.23.0
178 silly currentTree +-- babel-plugin-check-es2015-constants@6.22.0
178 silly currentTree +-- babel-plugin-external-helpers@6.22.0
178 silly currentTree +-- babel-plugin-istanbul@4.1.1
178 silly currentTree | `-- find-up@2.1.0
178 silly currentTree +-- babel-plugin-jest-hoist@19.0.0
178 silly currentTree +-- babel-plugin-react-transform@2.0.2
178 silly currentTree +-- babel-plugin-syntax-async-functions@6.13.0
178 silly currentTree +-- babel-plugin-syntax-class-properties@6.13.0
178 silly currentTree +-- babel-plugin-syntax-flow@6.18.0
178 silly currentTree +-- babel-plugin-syntax-jsx@6.18.0
178 silly currentTree +-- babel-plugin-syntax-object-rest-spread@6.13.0
178 silly currentTree +-- babel-plugin-syntax-trailing-function-commas@6.22.0
178 silly currentTree +-- babel-plugin-transform-async-to-generator@6.16.0
178 silly currentTree +-- babel-plugin-transform-class-properties@6.24.1
178 silly currentTree +-- babel-plugin-transform-es2015-arrow-functions@6.22.0
178 silly currentTree +-- babel-plugin-transform-es2015-block-scoped-functions@6.22.0
178 silly currentTree +-- babel-plugin-transform-es2015-block-scoping@6.24.1
178 silly currentTree +-- babel-plugin-transform-es2015-classes@6.24.1
178 silly currentTree +-- babel-plugin-transform-es2015-computed-properties@6.24.1
178 silly currentTree +-- babel-plugin-transform-es2015-destructuring@6.23.0
178 silly currentTree +-- babel-plugin-transform-es2015-for-of@6.23.0
178 silly currentTree +-- babel-plugin-transform-es2015-function-name@6.24.1
178 silly currentTree +-- babel-plugin-transform-es2015-literals@6.22.0
178 silly currentTree +-- babel-plugin-transform-es2015-modules-commonjs@6.24.1
178 silly currentTree +-- babel-plugin-transform-es2015-object-super@6.24.1
178 silly currentTree +-- babel-plugin-transform-es2015-parameters@6.24.1
178 silly currentTree +-- babel-plugin-transform-es2015-shorthand-properties@6.24.1
178 silly currentTree +-- babel-plugin-transform-es2015-spread@6.22.0
178 silly currentTree +-- babel-plugin-transform-es2015-sticky-regex@6.24.1
178 silly currentTree +-- babel-plugin-transform-es2015-template-literals@6.22.0
178 silly currentTree +-- babel-plugin-transform-es2015-unicode-regex@6.24.1
178 silly currentTree +-- babel-plugin-transform-es3-member-expression-literals@6.22.0
178 silly currentTree +-- babel-plugin-transform-es3-property-literals@6.22.0
178 silly currentTree +-- babel-plugin-transform-flow-strip-types@6.22.0
178 silly currentTree +-- babel-plugin-transform-object-assign@6.22.0
178 silly currentTree +-- babel-plugin-transform-object-rest-spread@6.23.0
178 silly currentTree +-- babel-plugin-transform-react-display-name@6.23.0
178 silly currentTree +-- babel-plugin-transform-react-jsx-source@6.22.0
178 silly currentTree +-- babel-plugin-transform-react-jsx@6.24.1
178 silly currentTree +-- babel-plugin-transform-regenerator@6.24.1
178 silly currentTree +-- babel-plugin-transform-strict-mode@6.24.1
178 silly currentTree +-- babel-polyfill@6.23.0
178 silly currentTree | `-- regenerator-runtime@0.10.3
178 silly currentTree +-- babel-preset-es2015-node@6.1.1
178 silly currentTree +-- babel-preset-fbjs@2.1.0
178 silly currentTree +-- babel-preset-jest@19.0.0
178 silly currentTree +-- babel-preset-react-native@1.9.1
178 silly currentTree +-- babel-register@6.24.1
178 silly currentTree +-- babel-runtime@6.23.0
178 silly currentTree | `-- regenerator-runtime@0.10.3
178 silly currentTree +-- babel-template@6.24.1
178 silly currentTree +-- babel-traverse@6.24.1
178 silly currentTree +-- babel-types@6.24.1
178 silly currentTree +-- babylon@6.17.0
178 silly currentTree +-- balanced-match@0.4.2
178 silly currentTree +-- base64-js@1.2.0
178 silly currentTree +-- base64-url@1.2.1
178 silly currentTree +-- basic-auth-connect@1.0.0
178 silly currentTree +-- basic-auth@1.0.4
178 silly currentTree +-- batch@0.5.3
178 silly currentTree +-- bcrypt-pbkdf@1.0.1
178 silly currentTree +-- beeper@1.1.1
178 silly currentTree +-- body-parser@1.13.3
178 silly currentTree | +-- debug@2.2.0
178 silly currentTree | `-- ms@0.7.1
178 silly currentTree +-- boom@2.10.1
178 silly currentTree +-- bplist-creator@0.0.4
178 silly currentTree +-- bplist-parser@0.0.6
178 silly currentTree +-- brace-expansion@1.1.7
178 silly currentTree +-- braces@1.8.5
178 silly currentTree +-- browser-resolve@1.11.2
178 silly currentTree | `-- resolve@1.1.7
178 silly currentTree +-- bser@1.0.3
178 silly currentTree +-- buffer-shims@1.0.0
178 silly currentTree +-- builtin-modules@1.1.1
178 silly currentTree +-- bytes@2.1.0
178 silly currentTree +-- callsites@2.0.0
178 silly currentTree +-- camelcase@1.2.1
178 silly currentTree +-- caseless@0.12.0
178 silly currentTree +-- center-align@0.1.3
178 silly currentTree +-- chalk@1.1.3
178 silly currentTree +-- ci-info@1.0.0
178 silly currentTree +-- cli-cursor@1.0.2
178 silly currentTree +-- cli-width@2.1.0
178 silly currentTree +-- cliui@2.1.0
178 silly currentTree | `-- wordwrap@0.0.2
178 silly currentTree +-- clone-stats@0.0.1
178 silly currentTree +-- clone@1.0.2
178 silly currentTree +-- co@4.6.0
178 silly currentTree +-- code-point-at@1.1.0
178 silly currentTree +-- color-convert@1.9.0
178 silly currentTree +-- color-name@1.1.2
178 silly currentTree +-- combined-stream@1.0.5
178 silly currentTree +-- commander@2.9.0
178 silly currentTree +-- compressible@2.0.10
178 silly currentTree +-- compression@1.5.2
178 silly currentTree | +-- debug@2.2.0
178 silly currentTree | `-- ms@0.7.1
178 silly currentTree +-- concat-map@0.0.1
178 silly currentTree +-- concat-stream@1.6.0
178 silly currentTree +-- connect-timeout@1.6.2
178 silly currentTree | +-- debug@2.2.0
178 silly currentTree | `-- ms@0.7.1
178 silly currentTree +-- connect@2.30.2
178 silly currentTree | +-- debug@2.2.0
178 silly currentTree | `-- ms@0.7.1
178 silly currentTree +-- content-type-parser@1.0.1
178 silly currentTree +-- content-type@1.0.2
178 silly currentTree +-- convert-source-map@1.5.0
178 silly currentTree +-- cookie-parser@1.3.5
178 silly currentTree +-- cookie-signature@1.0.6
178 silly currentTree +-- cookie@0.1.3
178 silly currentTree +-- core-js@2.4.1
178 silly currentTree +-- core-util-is@1.0.2
178 silly currentTree +-- crc@3.3.0
178 silly currentTree +-- cross-env@3.2.4
178 silly currentTree | `-- cross-spawn@5.1.0
178 silly currentTree +-- cross-spawn@3.0.1
178 silly currentTree +-- cryptiles@2.0.5
178 silly currentTree +-- csrf@3.0.6
178 silly currentTree +-- cssom@0.3.2
178 silly currentTree +-- cssstyle@0.2.37
178 silly currentTree +-- csurf@1.8.3
178 silly currentTree +-- dashdash@1.14.1
178 silly currentTree | `-- assert-plus@1.0.0
178 silly currentTree +-- dateformat@2.0.0
178 silly currentTree +-- debug@2.6.4
178 silly currentTree +-- decamelize@1.2.0
178 silly currentTree +-- deep-is@0.1.3
178 silly currentTree +-- default-require-extensions@1.0.0
178 silly currentTree +-- delayed-stream@1.0.0
178 silly currentTree +-- delegates@1.0.0
178 silly currentTree +-- denodeify@1.2.1
178 silly currentTree +-- depd@1.0.1
178 silly currentTree +-- destroy@1.0.4
178 silly currentTree +-- detect-indent@4.0.0
178 silly currentTree +-- diff@3.2.0
178 silly currentTree +-- dom-walk@0.1.1
178 silly currentTree +-- duplexer2@0.0.2
178 silly currentTree | +-- isarray@0.0.1
178 silly currentTree | +-- readable-stream@1.1.14
178 silly currentTree | `-- string_decoder@0.10.31
178 silly currentTree +-- ecc-jsbn@0.1.1
178 silly currentTree +-- ee-first@1.1.1
178 silly currentTree +-- encoding@0.1.12
178 silly currentTree | `-- iconv-lite@0.4.16
178 silly currentTree +-- errno@0.1.4
178 silly currentTree +-- error-ex@1.3.1
178 silly currentTree +-- errorhandler@1.4.3
178 silly currentTree | +-- accepts@1.3.3
178 silly currentTree | `-- negotiator@0.6.1
178 silly currentTree +-- escape-html@1.0.3
178 silly currentTree +-- escape-string-regexp@1.0.5
178 silly currentTree +-- escodegen@1.8.1
178 silly currentTree | +-- esprima@2.7.3
178 silly currentTree | `-- source-map@0.2.0
178 silly currentTree +-- esprima@3.1.3
178 silly currentTree +-- estraverse@1.9.3
178 silly currentTree +-- esutils@2.0.2
178 silly currentTree +-- etag@1.7.0
178 silly currentTree +-- event-target-shim@1.1.1
178 silly currentTree +-- exec-sh@0.2.0
178 silly currentTree +-- exit-hook@1.1.1
178 silly currentTree +-- expand-brackets@0.1.5
178 silly currentTree +-- expand-range@1.8.2
178 silly currentTree +-- express-session@1.11.3
178 silly currentTree | +-- debug@2.2.0
178 silly currentTree | +-- ms@0.7.1
178 silly currentTree | `-- uid-safe@2.0.0
178 silly currentTree +-- extend@3.0.0
178 silly currentTree +-- extglob@0.3.2
178 silly currentTree +-- extsprintf@1.0.2
178 silly currentTree +-- fancy-log@1.3.0
178 silly currentTree +-- fast-levenshtein@2.0.6
178 silly currentTree +-- fb-watchman@2.0.0
178 silly currentTree | `-- bser@2.0.0
178 silly currentTree +-- fbjs-scripts@0.7.1
178 silly currentTree | +-- babel-preset-fbjs@1.0.0
178 silly currentTree | `-- core-js@1.2.7
178 silly currentTree +-- fbjs@0.8.12
178 silly currentTree | `-- core-js@1.2.7
178 silly currentTree +-- figures@1.7.0
178 silly currentTree +-- filename-regex@2.0.0
178 silly currentTree +-- fileset@2.0.3
178 silly currentTree | `-- glob@7.1.1
178 silly currentTree +-- fill-range@2.2.3
178 silly currentTree +-- finalhandler@0.4.0
178 silly currentTree | +-- debug@2.2.0
178 silly currentTree | +-- escape-html@1.0.2
178 silly currentTree | `-- ms@0.7.1
178 silly currentTree +-- find-up@1.1.2
178 silly currentTree +-- firebase@3.8.0
178 silly currentTree | +-- base64url@2.0.0
178 silly currentTree | +-- buffer-equal-constant-time@1.0.1
178 silly currentTree | +-- dom-storage@2.0.2
178 silly currentTree | +-- ecdsa-sig-formatter@1.0.9
178 silly currentTree | +-- faye-websocket@0.9.3
178 silly currentTree | +-- hoek@2.16.3
178 silly currentTree | +-- isemail@1.2.0
178 silly currentTree | +-- joi@6.10.1
178 silly currentTree | +-- jsonwebtoken@7.3.0
178 silly currentTree | +-- jwa@1.1.5
178 silly currentTree | +-- jws@3.1.4
178 silly currentTree | +-- lodash.once@4.1.1
178 silly currentTree | +-- moment@2.18.1
178 silly currentTree | +-- ms@0.7.3
178 silly currentTree | +-- promise-polyfill@6.0.2
178 silly currentTree | +-- safe-buffer@5.0.1
178 silly currentTree | +-- topo@1.1.0
178 silly currentTree | +-- websocket-driver@0.6.5
178 silly currentTree | +-- websocket-extensions@0.1.1
178 silly currentTree | +-- xmlhttprequest@1.8.0
178 silly currentTree | `-- xtend@4.0.1
178 silly currentTree +-- for-in@1.0.2
178 silly currentTree +-- for-own@0.1.5
178 silly currentTree +-- forever-agent@0.6.1
178 silly currentTree +-- form-data@2.1.4
178 silly currentTree | `-- mime-types@2.1.15
178 silly currentTree +-- fresh@0.3.0
178 silly currentTree +-- fs-extra@0.26.7
178 silly currentTree +-- fs.realpath@1.0.0
178 silly currentTree +-- gauge@1.2.7
178 silly currentTree +-- get-caller-file@1.0.2
178 silly currentTree +-- getpass@0.1.6
178 silly currentTree | `-- assert-plus@1.0.0
178 silly currentTree +-- glob-base@0.3.0
178 silly currentTree +-- glob-parent@2.0.0
178 silly currentTree +-- glob@5.0.15
178 silly currentTree +-- global@4.3.2
178 silly currentTree +-- globals@9.17.0
178 silly currentTree +-- glogg@1.0.0
178 silly currentTree +-- graceful-fs@4.1.11
178 silly currentTree +-- graceful-readlink@1.0.1
178 silly currentTree +-- growly@1.3.0
178 silly currentTree +-- gulp-util@3.0.8
178 silly currentTree | `-- object-assign@3.0.0
178 silly currentTree +-- gulplog@1.0.0
178 silly currentTree +-- handlebars@4.0.6
178 silly currentTree | +-- async@1.5.2
178 silly currentTree | `-- source-map@0.4.4
178 silly currentTree +-- har-schema@1.0.5
178 silly currentTree +-- har-validator@4.2.1
178 silly currentTree +-- has-ansi@2.0.0
178 silly currentTree +-- has-flag@1.0.0
178 silly currentTree +-- has-gulplog@0.1.0
178 silly currentTree +-- has-unicode@2.0.1
178 silly currentTree +-- hawk@3.1.3
178 silly currentTree +-- hoek@2.16.3
178 silly currentTree +-- home-or-tmp@2.0.0
178 silly currentTree +-- hosted-git-info@2.4.2
178 silly currentTree +-- html-encoding-sniffer@1.0.1
178 silly currentTree +-- http-errors@1.3.1
178 silly currentTree +-- http-signature@1.1.1
178 silly currentTree +-- iconv-lite@0.4.11
178 silly currentTree +-- image-size@0.3.5
178 silly currentTree +-- immutable@3.7.6
178 silly currentTree +-- imurmurhash@0.1.4
178 silly currentTree +-- inflight@1.0.6
178 silly currentTree +-- inherits@2.0.3
178 silly currentTree +-- inquirer@0.12.0
178 silly currentTree +-- invariant@2.2.2
178 silly currentTree +-- invert-kv@1.0.0
178 silly currentTree +-- is-arrayish@0.2.1
178 silly currentTree +-- is-buffer@1.1.5
178 silly currentTree +-- is-builtin-module@1.0.0
178 silly currentTree +-- is-ci@1.0.10
178 silly currentTree +-- is-dotfile@1.0.2
178 silly currentTree +-- is-equal-shallow@0.1.3
178 silly currentTree +-- is-extendable@0.1.1
178 silly currentTree +-- is-extglob@1.0.0
178 silly currentTree +-- is-finite@1.0.2
178 silly currentTree +-- is-fullwidth-code-point@1.0.0
178 silly currentTree +-- is-glob@2.0.1
178 silly currentTree +-- is-number@2.1.0
178 silly currentTree +-- is-posix-bracket@0.1.1
178 silly currentTree +-- is-primitive@2.0.0
178 silly currentTree +-- is-stream@1.1.0
178 silly currentTree +-- is-typedarray@1.0.0
178 silly currentTree +-- is-utf8@0.2.1
178 silly currentTree +-- is-windows@1.0.0
178 silly currentTree +-- isarray@1.0.0
178 silly currentTree +-- isemail@1.2.0
178 silly currentTree +-- isexe@2.0.0
178 silly currentTree +-- isobject@2.1.0
178 silly currentTree +-- isomorphic-fetch@2.2.1
178 silly currentTree +-- isstream@0.1.2
178 silly currentTree +-- istanbul-api@1.1.7
178 silly currentTree +-- istanbul-lib-coverage@1.0.2
178 silly currentTree +-- istanbul-lib-hook@1.0.5
178 silly currentTree +-- istanbul-lib-instrument@1.7.0
178 silly currentTree +-- istanbul-lib-report@1.0.0
178 silly currentTree | `-- supports-color@3.2.3
178 silly currentTree +-- istanbul-lib-source-maps@1.1.1
178 silly currentTree +-- istanbul-reports@1.0.2
178 silly currentTree +-- jest-changed-files@19.0.2
178 silly currentTree +-- jest-config@19.0.2
178 silly currentTree +-- jest-diff@19.0.0
178 silly currentTree +-- jest-environment-jsdom@19.0.2
178 silly currentTree +-- jest-environment-node@19.0.2
178 silly currentTree +-- jest-file-exists@19.0.0
178 silly currentTree +-- jest-haste-map@19.0.0
178 silly currentTree | +-- bser@1.0.2
178 silly currentTree | `-- sane@1.5.0
178 silly currentTree |   `-- fb-watchman@1.9.2
178 silly currentTree +-- jest-jasmine2@19.0.2
178 silly currentTree +-- jest-matcher-utils@19.0.0
178 silly currentTree +-- jest-matchers@19.0.0
178 silly currentTree +-- jest-message-util@19.0.0
178 silly currentTree +-- jest-mock@19.0.0
178 silly currentTree +-- jest-regex-util@19.0.0
178 silly currentTree +-- jest-resolve-dependencies@19.0.0
178 silly currentTree +-- jest-resolve@19.0.2
178 silly currentTree +-- jest-runtime@19.0.2
178 silly currentTree | `-- strip-bom@3.0.0
178 silly currentTree +-- jest-snapshot@19.0.2
178 silly currentTree +-- jest-util@19.0.2
178 silly currentTree +-- jest-validate@19.0.2
178 silly currentTree +-- jest@19.0.2
178 silly currentTree | `-- jest-cli@19.0.2
178 silly currentTree +-- jodid25519@1.0.2
178 silly currentTree +-- joi@6.10.1
178 silly currentTree +-- js-tokens@3.0.1
178 silly currentTree +-- js-yaml@3.8.3
178 silly currentTree +-- jsbn@0.1.1
178 silly currentTree +-- jsdom@9.12.0
178 silly currentTree | `-- sax@1.2.2
178 silly currentTree +-- jsesc@1.3.0
178 silly currentTree +-- json-schema@0.2.3
178 silly currentTree +-- json-stable-stringify@1.0.1
178 silly currentTree +-- json-stringify-safe@5.0.1
178 silly currentTree +-- json5@0.4.0
178 silly currentTree +-- jsonfile@2.4.0
178 silly currentTree +-- jsonify@0.0.0
178 silly currentTree +-- jsprim@1.4.0
178 silly currentTree | `-- assert-plus@1.0.0
178 silly currentTree +-- kind-of@3.1.0
178 silly currentTree +-- klaw@1.3.1
178 silly currentTree +-- lazy-cache@1.0.4
178 silly currentTree +-- lcid@1.0.0
178 silly currentTree +-- left-pad@1.1.3
178 silly currentTree +-- leven@2.1.0
178 silly currentTree +-- levn@0.3.0
178 silly currentTree +-- load-json-file@1.1.0
178 silly currentTree +-- locate-path@2.0.0
178 silly currentTree | `-- path-exists@3.0.0
178 silly currentTree +-- lodash._basecopy@3.0.1
178 silly currentTree +-- lodash._basetostring@3.0.1
178 silly currentTree +-- lodash._basevalues@3.0.0
178 silly currentTree +-- lodash._getnative@3.9.1
178 silly currentTree +-- lodash._isiterateecall@3.0.9
178 silly currentTree +-- lodash._reescape@3.0.0
178 silly currentTree +-- lodash._reevaluate@3.0.0
178 silly currentTree +-- lodash._reinterpolate@3.0.0
178 silly currentTree +-- lodash._root@3.0.1
178 silly currentTree +-- lodash.escape@3.2.0
178 silly currentTree +-- lodash.isarguments@3.1.0
178 silly currentTree +-- lodash.isarray@3.0.4
178 silly currentTree +-- lodash.keys@3.1.2
178 silly currentTree +-- lodash.pad@4.5.1
178 silly currentTree +-- lodash.padend@4.6.1
178 silly currentTree +-- lodash.padstart@4.6.1
178 silly currentTree +-- lodash.restparam@3.6.1
178 silly currentTree +-- lodash.template@3.6.2
178 silly currentTree +-- lodash.templatesettings@3.1.1
178 silly currentTree +-- lodash@4.17.4
178 silly currentTree +-- longest@1.0.1
178 silly currentTree +-- loose-envify@1.3.1
178 silly currentTree +-- lru-cache@4.0.2
178 silly currentTree +-- makeerror@1.0.11
178 silly currentTree +-- media-typer@0.3.0
178 silly currentTree +-- merge@1.2.0
178 silly currentTree +-- method-override@2.3.8
178 silly currentTree | +-- debug@2.6.3
178 silly currentTree | +-- ms@0.7.2
178 silly currentTree | `-- vary@1.1.1
178 silly currentTree +-- methods@1.1.2
178 silly currentTree +-- micromatch@2.3.11
178 silly currentTree +-- mime-db@1.27.0
178 silly currentTree +-- mime-types@2.1.11
178 silly currentTree | `-- mime-db@1.23.0
178 silly currentTree +-- mime@1.3.4
178 silly currentTree +-- min-document@2.19.0
178 silly currentTree +-- minimatch@3.0.3
178 silly currentTree +-- minimist@1.2.0
178 silly currentTree +-- mkdirp@0.5.1
178 silly currentTree | `-- minimist@0.0.8
178 silly currentTree +-- moment@2.18.1
178 silly currentTree +-- morgan@1.6.1
178 silly currentTree | +-- debug@2.2.0
178 silly currentTree | `-- ms@0.7.1
178 silly currentTree +-- ms@0.7.3
178 silly currentTree +-- multiparty@3.3.2
178 silly currentTree | +-- isarray@0.0.1
178 silly currentTree | +-- readable-stream@1.1.14
178 silly currentTree | `-- string_decoder@0.10.31
178 silly currentTree +-- multipipe@0.1.2
178 silly currentTree +-- mute-stream@0.0.5
178 silly currentTree +-- natural-compare@1.4.0
178 silly currentTree +-- negotiator@0.5.3
178 silly currentTree +-- node-fetch@1.6.3
178 silly currentTree +-- node-int64@0.4.0
178 silly currentTree +-- node-notifier@5.1.2
178 silly currentTree +-- normalize-package-data@2.3.8
178 silly currentTree +-- normalize-path@2.1.1
178 silly currentTree +-- npmlog@2.0.4
178 silly currentTree +-- number-is-nan@1.0.1
178 silly currentTree +-- nwmatcher@1.3.9
178 silly currentTree +-- oauth-sign@0.8.2
178 silly currentTree +-- object-assign@4.1.1
178 silly currentTree +-- object.omit@2.0.1
178 silly currentTree +-- on-finished@2.3.0
178 silly currentTree +-- on-headers@1.0.1
178 silly currentTree +-- once@1.4.0
178 silly currentTree +-- onetime@1.1.0
178 silly currentTree +-- opn@3.0.3
178 silly currentTree +-- optimist@0.6.1
178 silly currentTree | +-- minimist@0.0.10
178 silly currentTree | `-- wordwrap@0.0.3
178 silly currentTree +-- optionator@0.8.2
178 silly currentTree +-- options@0.0.6
178 silly currentTree +-- os-homedir@1.0.2
178 silly currentTree +-- os-locale@1.4.0
178 silly currentTree +-- os-tmpdir@1.0.2
178 silly currentTree +-- p-limit@1.1.0
178 silly currentTree +-- p-locate@2.0.0
178 silly currentTree +-- parse-glob@3.0.4
178 silly currentTree +-- parse-json@2.2.0
178 silly currentTree +-- parse5@1.5.1
178 silly currentTree +-- parseurl@1.3.1
178 silly currentTree +-- path-exists@2.1.0
178 silly currentTree +-- path-is-absolute@1.0.1
178 silly currentTree +-- path-parse@1.0.5
178 silly currentTree +-- path-type@1.1.0
178 silly currentTree +-- pause@0.1.0
178 silly currentTree +-- pegjs@0.9.0
178 silly currentTree +-- performance-now@0.2.0
178 silly currentTree +-- pify@2.3.0
178 silly currentTree +-- pinkie-promise@2.0.1
178 silly currentTree +-- pinkie@2.0.4
178 silly currentTree +-- plist@1.2.0
178 silly currentTree | `-- base64-js@0.0.8
178 silly currentTree +-- prelude-ls@1.1.2
178 silly currentTree +-- preserve@0.2.0
178 silly currentTree +-- pretty-format@19.0.0
178 silly currentTree | `-- ansi-styles@3.0.0
178 silly currentTree +-- private@0.1.7
178 silly currentTree +-- process-nextick-args@1.0.7
178 silly currentTree +-- process@0.5.2
178 silly currentTree +-- promise@7.1.1
178 silly currentTree +-- prr@0.0.0
178 silly currentTree +-- pseudomap@1.0.2
178 silly currentTree +-- punycode@1.4.1
178 silly currentTree +-- qs@4.0.0
178 silly currentTree +-- random-bytes@1.0.0
178 silly currentTree +-- randomatic@1.1.6
178 silly currentTree +-- range-parser@1.0.3
178 silly currentTree +-- raw-body@2.1.7
178 silly currentTree | +-- bytes@2.4.0
178 silly currentTree | `-- iconv-lite@0.4.13
178 silly currentTree +-- react-clone-referenced-element@1.0.1
178 silly currentTree +-- react-deep-force-update@1.0.1
178 silly currentTree +-- react-devtools-core@2.0.12
178 silly currentTree | `-- ws@2.3.1
178 silly currentTree +-- react-native-accordion-xg@0.0.1
178 silly currentTree +-- react-native-action-sheet-xg@0.0.1
178 silly currentTree +-- react-native-buttons@0.0.4
178 silly currentTree +-- react-native-colortool@0.0.1
178 silly currentTree +-- react-native-confirm@0.0.1
178 silly currentTree | `-- react-native-buttons@0.0.3
178 silly currentTree +-- react-native-datepicker@1.4.7
178 silly currentTree +-- react-native-drawer-menu@0.1.0
178 silly currentTree +-- react-native-google-maps-directions@1.1.0
178 silly currentTree +-- react-native-grading@1.0.3
178 silly currentTree +-- react-native-input-xg@0.0.2
178 silly currentTree +-- react-native-label-select@1.0.9
178 silly currentTree +-- react-native-link-xg@0.0.1
178 silly currentTree +-- react-native-modal-picker@0.0.16
178 silly currentTree +-- react-native-picker-android@0.3.8
178 silly currentTree +-- react-native-simple-sound@1.0.0
178 silly currentTree +-- react-native-stylesheet-xg@1.1.0
178 silly currentTree +-- react-native-tab-xg@0.0.1
178 silly currentTree +-- react-native-ui-xg@0.0.4
178 silly currentTree +-- react-native@0.43.3
178 silly currentTree +-- react-proxy@1.1.8
178 silly currentTree +-- react-test-renderer@16.0.0-alpha.6
178 silly currentTree +-- react-timer-mixin@0.13.3
178 silly currentTree +-- react-transform-hmr@1.0.4
178 silly currentTree +-- react@16.0.0-alpha.6
178 silly currentTree +-- read-pkg-up@1.0.1
178 silly currentTree +-- read-pkg@1.1.0
178 silly currentTree +-- readable-stream@2.2.9
178 silly currentTree +-- readline2@1.0.1
178 silly currentTree +-- rebound@0.0.13
178 silly currentTree +-- regenerate@1.3.2
178 silly currentTree +-- regenerator-runtime@0.9.6
178 silly currentTree +-- regenerator-transform@0.9.11
178 silly currentTree +-- regex-cache@0.4.3
178 silly currentTree +-- regexpu-core@2.0.0
178 silly currentTree +-- regjsgen@0.2.0
178 silly currentTree +-- regjsparser@0.1.5
178 silly currentTree | `-- jsesc@0.5.0
178 silly currentTree +-- remove-trailing-separator@1.0.1
178 silly currentTree +-- repeat-element@1.1.2
178 silly currentTree +-- repeat-string@1.6.1
178 silly currentTree +-- repeating@2.0.1
178 silly currentTree +-- replace-ext@0.0.1
178 silly currentTree +-- request@2.81.0
178 silly currentTree | `-- qs@6.4.0
178 silly currentTree +-- require-directory@2.1.1
178 silly currentTree +-- require-main-filename@1.0.1
178 silly currentTree +-- resolve@1.3.3
178 silly currentTree +-- response-time@2.3.2
178 silly currentTree | `-- depd@1.1.0
178 silly currentTree +-- restore-cursor@1.0.1
178 silly currentTree +-- right-align@0.1.3
178 silly currentTree +-- rimraf@2.6.1
178 silly currentTree | `-- glob@7.1.1
178 silly currentTree +-- rndm@1.2.0
178 silly currentTree +-- run-async@0.1.0
178 silly currentTree +-- rx-lite@3.1.2
178 silly currentTree +-- safe-buffer@5.0.1
178 silly currentTree +-- sane@1.4.1
178 silly currentTree | +-- bser@1.0.2
178 silly currentTree | `-- fb-watchman@1.9.2
178 silly currentTree +-- sax@1.1.6
178 silly currentTree +-- semver@5.3.0
178 silly currentTree +-- send@0.13.2
178 silly currentTree | +-- debug@2.2.0
178 silly currentTree | +-- depd@1.1.0
178 silly currentTree | +-- ms@0.7.1
178 silly currentTree | `-- statuses@1.2.1
178 silly currentTree +-- serve-favicon@2.3.2
178 silly currentTree | `-- ms@0.7.2
178 silly currentTree +-- serve-index@1.7.3
178 silly currentTree | +-- debug@2.2.0
178 silly currentTree | `-- ms@0.7.1
178 silly currentTree +-- serve-static@1.10.3
178 silly currentTree +-- set-blocking@2.0.0
178 silly currentTree +-- setimmediate@1.0.5
178 silly currentTree +-- shebang-command@1.2.0
178 silly currentTree +-- shebang-regex@1.0.0
178 silly currentTree +-- shell-quote@1.6.1
178 silly currentTree +-- shellwords@0.1.0
178 silly currentTree +-- simple-plist@0.1.4
178 silly currentTree +-- slash@1.0.0
178 silly currentTree +-- slide@1.1.6
178 silly currentTree +-- sntp@1.0.9
178 silly currentTree +-- source-map-support@0.4.14
178 silly currentTree +-- source-map@0.5.6
178 silly currentTree +-- sparkles@1.0.0
178 silly currentTree +-- spdx-correct@1.0.2
178 silly currentTree +-- spdx-expression-parse@1.0.4
178 silly currentTree +-- spdx-license-ids@1.2.2
178 silly currentTree +-- sprintf-js@1.0.3
178 silly currentTree +-- sshpk@1.13.0
178 silly currentTree | `-- assert-plus@1.0.0
178 silly currentTree +-- stacktrace-parser@0.1.4
178 silly currentTree +-- statuses@1.3.1
178 silly currentTree +-- stream-buffers@0.2.6
178 silly currentTree +-- stream-counter@0.2.0
178 silly currentTree | +-- isarray@0.0.1
178 silly currentTree | +-- readable-stream@1.1.14
178 silly currentTree | `-- string_decoder@0.10.31
178 silly currentTree +-- string_decoder@1.0.0
178 silly currentTree +-- string-length@1.0.1
178 silly currentTree +-- string-width@1.0.2
178 silly currentTree +-- stringstream@0.0.5
178 silly currentTree +-- strip-ansi@3.0.1
178 silly currentTree +-- strip-bom@2.0.0
178 silly currentTree +-- supports-color@2.0.0
178 silly currentTree +-- symbol-tree@3.2.2
178 silly currentTree +-- temp@0.8.3
178 silly currentTree | `-- rimraf@2.2.8
178 silly currentTree +-- test-exclude@4.0.3
178 silly currentTree +-- throat@3.0.0
178 silly currentTree +-- through@2.3.8
178 silly currentTree +-- through2@2.0.3
178 silly currentTree +-- time-stamp@1.0.1
178 silly currentTree +-- tmpl@1.0.4
178 silly currentTree +-- to-fast-properties@1.0.2
178 silly currentTree +-- topo@1.1.0
178 silly currentTree +-- tough-cookie@2.3.2
178 silly currentTree +-- tr46@0.0.3
178 silly currentTree +-- trim-right@1.0.1
178 silly currentTree +-- tsscmp@1.0.5
178 silly currentTree +-- tunnel-agent@0.6.0
178 silly currentTree +-- tweetnacl@0.14.5
178 silly currentTree +-- type-check@0.3.2
178 silly currentTree +-- type-is@1.6.15
178 silly currentTree | `-- mime-types@2.1.15
178 silly currentTree +-- typedarray@0.0.6
178 silly currentTree +-- ua-parser-js@0.7.12
178 silly currentTree +-- uglify-js@2.8.22
178 silly currentTree | `-- yargs@3.10.0
178 silly currentTree +-- uglify-to-browserify@1.0.2
178 silly currentTree +-- uid-safe@2.1.4
178 silly currentTree +-- ultron@1.1.0
178 silly currentTree +-- unpipe@1.0.0
178 silly currentTree +-- util-deprecate@1.0.2
178 silly currentTree +-- utils-merge@1.0.0
178 silly currentTree +-- uuid@3.0.1
178 silly currentTree +-- validate-npm-package-license@3.0.1
178 silly currentTree +-- vary@1.0.1
178 silly currentTree +-- verror@1.3.6
178 silly currentTree +-- vhost@3.0.2
178 silly currentTree +-- vinyl@0.5.3
178 silly currentTree +-- walker@1.0.7
178 silly currentTree +-- watch@0.10.0
178 silly currentTree +-- webidl-conversions@4.0.1
178 silly currentTree +-- whatwg-encoding@1.0.1
178 silly currentTree | `-- iconv-lite@0.4.13
178 silly currentTree +-- whatwg-fetch@1.1.1
178 silly currentTree +-- whatwg-url@4.7.0
178 silly currentTree | `-- webidl-conversions@3.0.1
178 silly currentTree +-- which-module@1.0.0
178 silly currentTree +-- which@1.2.14
178 silly currentTree +-- window-size@0.1.0
178 silly currentTree +-- wordwrap@1.0.0
178 silly currentTree +-- worker-farm@1.3.1
178 silly currentTree +-- wrap-ansi@2.1.0
178 silly currentTree +-- wrappy@1.0.2
178 silly currentTree +-- write-file-atomic@1.3.3
178 silly currentTree +-- ws@1.1.4
178 silly currentTree | `-- ultron@1.0.2
178 silly currentTree +-- xcode@0.8.9
178 silly currentTree | `-- node-uuid@1.4.7
178 silly currentTree +-- xml-name-validator@2.0.1
178 silly currentTree +-- xmlbuilder@4.0.0
178 silly currentTree | `-- lodash@3.10.1
178 silly currentTree +-- xmldoc@0.4.0
178 silly currentTree +-- xmldom@0.1.27
178 silly currentTree +-- xpipe@1.0.5
178 silly currentTree +-- xtend@4.0.1
178 silly currentTree +-- y18n@3.2.1
178 silly currentTree +-- yallist@2.1.2
178 silly currentTree +-- yargs-parser@4.2.1
178 silly currentTree | `-- camelcase@3.0.0
178 silly currentTree `-- yargs@6.6.0
178 silly currentTree   +-- camelcase@3.0.0
178 silly currentTree   `-- cliui@3.2.0
179 silly idealTree seminar@0.0.1
179 silly idealTree +-- abab@1.0.3
179 silly idealTree +-- absolute-path@0.0.0
179 silly idealTree +-- accepts@1.2.13
179 silly idealTree +-- acorn-globals@3.1.0
179 silly idealTree +-- acorn@4.0.11
179 silly idealTree +-- ajv@4.11.7
179 silly idealTree +-- align-text@0.1.4
179 silly idealTree +-- amdefine@1.0.1
179 silly idealTree +-- ansi-escapes@1.4.0
179 silly idealTree +-- ansi-regex@2.1.1
179 silly idealTree +-- ansi-styles@2.2.1
179 silly idealTree +-- ansi@0.3.1
179 silly idealTree +-- anymatch@1.3.0
179 silly idealTree +-- append-transform@0.4.0
179 silly idealTree +-- are-we-there-yet@1.1.4
179 silly idealTree +-- argparse@1.0.9
179 silly idealTree +-- arr-diff@2.0.0
179 silly idealTree +-- arr-flatten@1.0.3
179 silly idealTree +-- array-differ@1.0.0
179 silly idealTree +-- array-equal@1.0.0
179 silly idealTree +-- array-filter@0.0.1
179 silly idealTree +-- array-map@0.0.0
179 silly idealTree +-- array-reduce@0.0.0
179 silly idealTree +-- array-uniq@1.0.3
179 silly idealTree +-- array-unique@0.2.1
179 silly idealTree +-- arrify@1.0.1
179 silly idealTree +-- art@0.10.1
179 silly idealTree +-- asap@2.0.5
179 silly idealTree +-- asn1@0.2.3
179 silly idealTree +-- assert-plus@0.2.0
179 silly idealTree +-- async@2.3.0
179 silly idealTree +-- asynckit@0.4.0
179 silly idealTree +-- aws-sign2@0.6.0
179 silly idealTree +-- aws4@1.6.0
179 silly idealTree +-- babel-code-frame@6.22.0
179 silly idealTree +-- babel-core@6.24.1
179 silly idealTree | `-- json5@0.5.1
179 silly idealTree +-- babel-generator@6.24.1
179 silly idealTree +-- babel-helper-builder-react-jsx@6.24.1
179 silly idealTree +-- babel-helper-call-delegate@6.24.1
179 silly idealTree +-- babel-helper-define-map@6.24.1
179 silly idealTree +-- babel-helper-function-name@6.24.1
179 silly idealTree +-- babel-helper-get-function-arity@6.24.1
179 silly idealTree +-- babel-helper-hoist-variables@6.24.1
179 silly idealTree +-- babel-helper-optimise-call-expression@6.24.1
179 silly idealTree +-- babel-helper-regex@6.24.1
179 silly idealTree +-- babel-helper-remap-async-to-generator@6.24.1
179 silly idealTree +-- babel-helper-replace-supers@6.24.1
179 silly idealTree +-- babel-helpers@6.24.1
179 silly idealTree +-- babel-jest@19.0.0
179 silly idealTree +-- babel-messages@6.23.0
179 silly idealTree +-- babel-plugin-check-es2015-constants@6.22.0
179 silly idealTree +-- babel-plugin-external-helpers@6.22.0
179 silly idealTree +-- babel-plugin-istanbul@4.1.1
179 silly idealTree | `-- find-up@2.1.0
179 silly idealTree +-- babel-plugin-jest-hoist@19.0.0
179 silly idealTree +-- babel-plugin-react-transform@2.0.2
179 silly idealTree +-- babel-plugin-syntax-async-functions@6.13.0
179 silly idealTree +-- babel-plugin-syntax-class-properties@6.13.0
179 silly idealTree +-- babel-plugin-syntax-flow@6.18.0
179 silly idealTree +-- babel-plugin-syntax-jsx@6.18.0
179 silly idealTree +-- babel-plugin-syntax-object-rest-spread@6.13.0
179 silly idealTree +-- babel-plugin-syntax-trailing-function-commas@6.22.0
179 silly idealTree +-- babel-plugin-transform-async-to-generator@6.16.0
179 silly idealTree +-- babel-plugin-transform-class-properties@6.24.1
179 silly idealTree +-- babel-plugin-transform-es2015-arrow-functions@6.22.0
179 silly idealTree +-- babel-plugin-transform-es2015-block-scoped-functions@6.22.0
179 silly idealTree +-- babel-plugin-transform-es2015-block-scoping@6.24.1
179 silly idealTree +-- babel-plugin-transform-es2015-classes@6.24.1
179 silly idealTree +-- babel-plugin-transform-es2015-computed-properties@6.24.1
179 silly idealTree +-- babel-plugin-transform-es2015-destructuring@6.23.0
179 silly idealTree +-- babel-plugin-transform-es2015-for-of@6.23.0
179 silly idealTree +-- babel-plugin-transform-es2015-function-name@6.24.1
179 silly idealTree +-- babel-plugin-transform-es2015-literals@6.22.0
179 silly idealTree +-- babel-plugin-transform-es2015-modules-commonjs@6.24.1
179 silly idealTree +-- babel-plugin-transform-es2015-object-super@6.24.1
179 silly idealTree +-- babel-plugin-transform-es2015-parameters@6.24.1
179 silly idealTree +-- babel-plugin-transform-es2015-shorthand-properties@6.24.1
179 silly idealTree +-- babel-plugin-transform-es2015-spread@6.22.0
179 silly idealTree +-- babel-plugin-transform-es2015-sticky-regex@6.24.1
179 silly idealTree +-- babel-plugin-transform-es2015-template-literals@6.22.0
179 silly idealTree +-- babel-plugin-transform-es2015-unicode-regex@6.24.1
179 silly idealTree +-- babel-plugin-transform-es3-member-expression-literals@6.22.0
179 silly idealTree +-- babel-plugin-transform-es3-property-literals@6.22.0
179 silly idealTree +-- babel-plugin-transform-flow-strip-types@6.22.0
179 silly idealTree +-- babel-plugin-transform-object-assign@6.22.0
179 silly idealTree +-- babel-plugin-transform-object-rest-spread@6.23.0
179 silly idealTree +-- babel-plugin-transform-react-display-name@6.23.0
179 silly idealTree +-- babel-plugin-transform-react-jsx-source@6.22.0
179 silly idealTree +-- babel-plugin-transform-react-jsx@6.24.1
179 silly idealTree +-- babel-plugin-transform-regenerator@6.24.1
179 silly idealTree +-- babel-plugin-transform-strict-mode@6.24.1
179 silly idealTree +-- babel-polyfill@6.23.0
179 silly idealTree | `-- regenerator-runtime@0.10.3
179 silly idealTree +-- babel-preset-es2015-node@6.1.1
179 silly idealTree +-- babel-preset-fbjs@2.1.0
179 silly idealTree +-- babel-preset-jest@19.0.0
179 silly idealTree +-- babel-preset-react-native@1.9.1
179 silly idealTree +-- babel-register@6.24.1
179 silly idealTree +-- babel-runtime@6.23.0
179 silly idealTree | `-- regenerator-runtime@0.10.3
179 silly idealTree +-- babel-template@6.24.1
179 silly idealTree +-- babel-traverse@6.24.1
179 silly idealTree +-- babel-types@6.24.1
179 silly idealTree +-- babylon@6.17.0
179 silly idealTree +-- balanced-match@0.4.2
179 silly idealTree +-- base64-js@1.2.0
179 silly idealTree +-- base64-url@1.2.1
179 silly idealTree +-- basic-auth-connect@1.0.0
179 silly idealTree +-- basic-auth@1.0.4
179 silly idealTree +-- batch@0.5.3
179 silly idealTree +-- bcrypt-pbkdf@1.0.1
179 silly idealTree +-- beeper@1.1.1
179 silly idealTree +-- body-parser@1.13.3
179 silly idealTree | +-- debug@2.2.0
179 silly idealTree | `-- ms@0.7.1
179 silly idealTree +-- boom@2.10.1
179 silly idealTree +-- bplist-creator@0.0.4
179 silly idealTree +-- bplist-parser@0.0.6
179 silly idealTree +-- brace-expansion@1.1.7
179 silly idealTree +-- braces@1.8.5
179 silly idealTree +-- browser-resolve@1.11.2
179 silly idealTree | `-- resolve@1.1.7
179 silly idealTree +-- bser@1.0.3
179 silly idealTree +-- buffer-shims@1.0.0
179 silly idealTree +-- builtin-modules@1.1.1
179 silly idealTree +-- bytes@2.1.0
179 silly idealTree +-- callsites@2.0.0
179 silly idealTree +-- camelcase@1.2.1
179 silly idealTree +-- caseless@0.12.0
179 silly idealTree +-- center-align@0.1.3
179 silly idealTree +-- chalk@1.1.3
179 silly idealTree +-- ci-info@1.0.0
179 silly idealTree +-- classnames@2.2.5
179 silly idealTree +-- cli-cursor@1.0.2
179 silly idealTree +-- cli-width@2.1.0
179 silly idealTree +-- cliui@2.1.0
179 silly idealTree | `-- wordwrap@0.0.2
179 silly idealTree +-- clone-stats@0.0.1
179 silly idealTree +-- clone@1.0.2
179 silly idealTree +-- co@4.6.0
179 silly idealTree +-- code-point-at@1.1.0
179 silly idealTree +-- color-convert@1.9.0
179 silly idealTree +-- color-name@1.1.2
179 silly idealTree +-- combined-stream@1.0.5
179 silly idealTree +-- commander@2.9.0
179 silly idealTree +-- compressible@2.0.10
179 silly idealTree +-- compression@1.5.2
179 silly idealTree | +-- debug@2.2.0
179 silly idealTree | `-- ms@0.7.1
179 silly idealTree +-- concat-map@0.0.1
179 silly idealTree +-- concat-stream@1.6.0
179 silly idealTree +-- connect-timeout@1.6.2
179 silly idealTree | +-- debug@2.2.0
179 silly idealTree | `-- ms@0.7.1
179 silly idealTree +-- connect@2.30.2
179 silly idealTree | +-- debug@2.2.0
179 silly idealTree | `-- ms@0.7.1
179 silly idealTree +-- content-type-parser@1.0.1
179 silly idealTree +-- content-type@1.0.2
179 silly idealTree +-- convert-source-map@1.5.0
179 silly idealTree +-- cookie-parser@1.3.5
179 silly idealTree +-- cookie-signature@1.0.6
179 silly idealTree +-- cookie@0.1.3
179 silly idealTree +-- core-js@2.4.1
179 silly idealTree +-- core-util-is@1.0.2
179 silly idealTree +-- crc@3.3.0
179 silly idealTree +-- cross-env@3.2.4
179 silly idealTree | `-- cross-spawn@5.1.0
179 silly idealTree +-- cross-spawn@3.0.1
179 silly idealTree +-- cryptiles@2.0.5
179 silly idealTree +-- csrf@3.0.6
179 silly idealTree +-- cssom@0.3.2
179 silly idealTree +-- cssstyle@0.2.37
179 silly idealTree +-- csurf@1.8.3
179 silly idealTree +-- dashdash@1.14.1
179 silly idealTree | `-- assert-plus@1.0.0
179 silly idealTree +-- dateformat@2.0.0
179 silly idealTree +-- debug@2.6.4
179 silly idealTree +-- decamelize@1.2.0
179 silly idealTree +-- deep-is@0.1.3
179 silly idealTree +-- default-require-extensions@1.0.0
179 silly idealTree +-- delayed-stream@1.0.0
179 silly idealTree +-- delegates@1.0.0
179 silly idealTree +-- denodeify@1.2.1
179 silly idealTree +-- depd@1.0.1
179 silly idealTree +-- destroy@1.0.4
179 silly idealTree +-- detect-indent@4.0.0
179 silly idealTree +-- diff@3.2.0
179 silly idealTree +-- dom-walk@0.1.1
179 silly idealTree +-- duplexer2@0.0.2
179 silly idealTree | +-- isarray@0.0.1
179 silly idealTree | +-- readable-stream@1.1.14
179 silly idealTree | `-- string_decoder@0.10.31
179 silly idealTree +-- ecc-jsbn@0.1.1
179 silly idealTree +-- ee-first@1.1.1
179 silly idealTree +-- encoding@0.1.12
179 silly idealTree | `-- iconv-lite@0.4.16
179 silly idealTree +-- errno@0.1.4
179 silly idealTree +-- error-ex@1.3.1
179 silly idealTree +-- errorhandler@1.4.3
179 silly idealTree | +-- accepts@1.3.3
179 silly idealTree | `-- negotiator@0.6.1
179 silly idealTree +-- escape-html@1.0.3
179 silly idealTree +-- escape-string-regexp@1.0.5
179 silly idealTree +-- escodegen@1.8.1
179 silly idealTree | +-- esprima@2.7.3
179 silly idealTree | `-- source-map@0.2.0
179 silly idealTree +-- esprima@3.1.3
179 silly idealTree +-- estraverse@1.9.3
179 silly idealTree +-- esutils@2.0.2
179 silly idealTree +-- etag@1.7.0
179 silly idealTree +-- event-target-shim@1.1.1
179 silly idealTree +-- exec-sh@0.2.0
179 silly idealTree +-- exit-hook@1.1.1
179 silly idealTree +-- expand-brackets@0.1.5
179 silly idealTree +-- expand-range@1.8.2
179 silly idealTree +-- express-session@1.11.3
179 silly idealTree | +-- debug@2.2.0
179 silly idealTree | +-- ms@0.7.1
179 silly idealTree | `-- uid-safe@2.0.0
179 silly idealTree +-- extend@3.0.0
179 silly idealTree +-- extglob@0.3.2
179 silly idealTree +-- extsprintf@1.0.2
179 silly idealTree +-- fancy-log@1.3.0
179 silly idealTree +-- fast-levenshtein@2.0.6
179 silly idealTree +-- fb-watchman@2.0.0
179 silly idealTree | `-- bser@2.0.0
179 silly idealTree +-- fbjs-scripts@0.7.1
179 silly idealTree | +-- babel-preset-fbjs@1.0.0
179 silly idealTree | `-- core-js@1.2.7
179 silly idealTree +-- fbjs@0.8.12
179 silly idealTree | `-- core-js@1.2.7
179 silly idealTree +-- figures@1.7.0
179 silly idealTree +-- filename-regex@2.0.0
179 silly idealTree +-- fileset@2.0.3
179 silly idealTree | `-- glob@7.1.1
179 silly idealTree +-- fill-range@2.2.3
179 silly idealTree +-- finalhandler@0.4.0
179 silly idealTree | +-- debug@2.2.0
179 silly idealTree | +-- escape-html@1.0.2
179 silly idealTree | `-- ms@0.7.1
179 silly idealTree +-- find-up@1.1.2
179 silly idealTree +-- firebase@3.8.0
179 silly idealTree | +-- base64url@2.0.0
179 silly idealTree | +-- buffer-equal-constant-time@1.0.1
179 silly idealTree | +-- dom-storage@2.0.2
179 silly idealTree | +-- ecdsa-sig-formatter@1.0.9
179 silly idealTree | +-- faye-websocket@0.9.3
179 silly idealTree | +-- hoek@2.16.3
179 silly idealTree | +-- isemail@1.2.0
179 silly idealTree | +-- joi@6.10.1
179 silly idealTree | +-- jsonwebtoken@7.3.0
179 silly idealTree | +-- jwa@1.1.5
179 silly idealTree | +-- jws@3.1.4
179 silly idealTree | +-- lodash.once@4.1.1
179 silly idealTree | +-- moment@2.18.1
179 silly idealTree | +-- ms@0.7.3
179 silly idealTree | +-- promise-polyfill@6.0.2
179 silly idealTree | +-- safe-buffer@5.0.1
179 silly idealTree | +-- topo@1.1.0
179 silly idealTree | +-- websocket-driver@0.6.5
179 silly idealTree | +-- websocket-extensions@0.1.1
179 silly idealTree | +-- xmlhttprequest@1.8.0
179 silly idealTree | `-- xtend@4.0.1
179 silly idealTree +-- for-in@1.0.2
179 silly idealTree +-- for-own@0.1.5
179 silly idealTree +-- forever-agent@0.6.1
179 silly idealTree +-- form-data@2.1.4
179 silly idealTree | `-- mime-types@2.1.15
179 silly idealTree +-- fresh@0.3.0
179 silly idealTree +-- fs-extra@0.26.7
179 silly idealTree +-- fs.realpath@1.0.0
179 silly idealTree +-- gauge@1.2.7
179 silly idealTree +-- get-caller-file@1.0.2
179 silly idealTree +-- getpass@0.1.6
179 silly idealTree | `-- assert-plus@1.0.0
179 silly idealTree +-- glob-base@0.3.0
179 silly idealTree +-- glob-parent@2.0.0
179 silly idealTree +-- glob@5.0.15
179 silly idealTree +-- global@4.3.2
179 silly idealTree +-- globals@9.17.0
179 silly idealTree +-- glogg@1.0.0
179 silly idealTree +-- graceful-fs@4.1.11
179 silly idealTree +-- graceful-readlink@1.0.1
179 silly idealTree +-- growly@1.3.0
179 silly idealTree +-- gulp-util@3.0.8
179 silly idealTree | `-- object-assign@3.0.0
179 silly idealTree +-- gulplog@1.0.0
179 silly idealTree +-- handlebars@4.0.6
179 silly idealTree | +-- async@1.5.2
179 silly idealTree | `-- source-map@0.4.4
179 silly idealTree +-- har-schema@1.0.5
179 silly idealTree +-- har-validator@4.2.1
179 silly idealTree +-- has-ansi@2.0.0
179 silly idealTree +-- has-flag@1.0.0
179 silly idealTree +-- has-gulplog@0.1.0
179 silly idealTree +-- has-unicode@2.0.1
179 silly idealTree +-- hawk@3.1.3
179 silly idealTree +-- hoek@2.16.3
179 silly idealTree +-- home-or-tmp@2.0.0
179 silly idealTree +-- hosted-git-info@2.4.2
179 silly idealTree +-- html-encoding-sniffer@1.0.1
179 silly idealTree +-- http-errors@1.3.1
179 silly idealTree +-- http-signature@1.1.1
179 silly idealTree +-- iconv-lite@0.4.11
179 silly idealTree +-- image-size@0.3.5
179 silly idealTree +-- immutable@3.7.6
179 silly idealTree +-- imurmurhash@0.1.4
179 silly idealTree +-- inflight@1.0.6
179 silly idealTree +-- inherits@2.0.3
179 silly idealTree +-- inquirer@0.12.0
179 silly idealTree +-- invariant@2.2.2
179 silly idealTree +-- invert-kv@1.0.0
179 silly idealTree +-- is-arrayish@0.2.1
179 silly idealTree +-- is-buffer@1.1.5
179 silly idealTree +-- is-builtin-module@1.0.0
179 silly idealTree +-- is-ci@1.0.10
179 silly idealTree +-- is-dotfile@1.0.2
179 silly idealTree +-- is-equal-shallow@0.1.3
179 silly idealTree +-- is-extendable@0.1.1
179 silly idealTree +-- is-extglob@1.0.0
179 silly idealTree +-- is-finite@1.0.2
179 silly idealTree +-- is-fullwidth-code-point@1.0.0
179 silly idealTree +-- is-glob@2.0.1
179 silly idealTree +-- is-number@2.1.0
179 silly idealTree +-- is-posix-bracket@0.1.1
179 silly idealTree +-- is-primitive@2.0.0
179 silly idealTree +-- is-stream@1.1.0
179 silly idealTree +-- is-typedarray@1.0.0
179 silly idealTree +-- is-utf8@0.2.1
179 silly idealTree +-- is-windows@1.0.0
179 silly idealTree +-- isarray@1.0.0
179 silly idealTree +-- isemail@1.2.0
179 silly idealTree +-- isexe@2.0.0
179 silly idealTree +-- isobject@2.1.0
179 silly idealTree +-- isomorphic-fetch@2.2.1
179 silly idealTree +-- isstream@0.1.2
179 silly idealTree +-- istanbul-api@1.1.7
179 silly idealTree +-- istanbul-lib-coverage@1.0.2
179 silly idealTree +-- istanbul-lib-hook@1.0.5
179 silly idealTree +-- istanbul-lib-instrument@1.7.0
179 silly idealTree +-- istanbul-lib-report@1.0.0
179 silly idealTree | `-- supports-color@3.2.3
179 silly idealTree +-- istanbul-lib-source-maps@1.1.1
179 silly idealTree +-- istanbul-reports@1.0.2
179 silly idealTree +-- jest-changed-files@19.0.2
179 silly idealTree +-- jest-config@19.0.2
179 silly idealTree +-- jest-diff@19.0.0
179 silly idealTree +-- jest-environment-jsdom@19.0.2
179 silly idealTree +-- jest-environment-node@19.0.2
179 silly idealTree +-- jest-file-exists@19.0.0
179 silly idealTree +-- jest-haste-map@19.0.0
179 silly idealTree | +-- bser@1.0.2
179 silly idealTree | `-- sane@1.5.0
179 silly idealTree |   `-- fb-watchman@1.9.2
179 silly idealTree +-- jest-jasmine2@19.0.2
179 silly idealTree +-- jest-matcher-utils@19.0.0
179 silly idealTree +-- jest-matchers@19.0.0
179 silly idealTree +-- jest-message-util@19.0.0
179 silly idealTree +-- jest-mock@19.0.0
179 silly idealTree +-- jest-regex-util@19.0.0
179 silly idealTree +-- jest-resolve-dependencies@19.0.0
179 silly idealTree +-- jest-resolve@19.0.2
179 silly idealTree +-- jest-runtime@19.0.2
179 silly idealTree | `-- strip-bom@3.0.0
179 silly idealTree +-- jest-snapshot@19.0.2
179 silly idealTree +-- jest-util@19.0.2
179 silly idealTree +-- jest-validate@19.0.2
179 silly idealTree +-- jest@19.0.2
179 silly idealTree | `-- jest-cli@19.0.2
179 silly idealTree +-- jodid25519@1.0.2
179 silly idealTree +-- joi@6.10.1
179 silly idealTree +-- js-tokens@3.0.1
179 silly idealTree +-- js-yaml@3.8.3
179 silly idealTree +-- jsbn@0.1.1
179 silly idealTree +-- jsdom@9.12.0
179 silly idealTree | `-- sax@1.2.2
179 silly idealTree +-- jsesc@1.3.0
179 silly idealTree +-- json-schema@0.2.3
179 silly idealTree +-- json-stable-stringify@1.0.1
179 silly idealTree +-- json-stringify-safe@5.0.1
179 silly idealTree +-- json5@0.4.0
179 silly idealTree +-- jsonfile@2.4.0
179 silly idealTree +-- jsonify@0.0.0
179 silly idealTree +-- jsprim@1.4.0
179 silly idealTree | `-- assert-plus@1.0.0
179 silly idealTree +-- kind-of@3.1.0
179 silly idealTree +-- klaw@1.3.1
179 silly idealTree +-- lazy-cache@1.0.4
179 silly idealTree +-- lcid@1.0.0
179 silly idealTree +-- left-pad@1.1.3
179 silly idealTree +-- leven@2.1.0
179 silly idealTree +-- levn@0.3.0
179 silly idealTree +-- load-json-file@1.1.0
179 silly idealTree +-- locate-path@2.0.0
179 silly idealTree | `-- path-exists@3.0.0
179 silly idealTree +-- lodash._basecopy@3.0.1
179 silly idealTree +-- lodash._basetostring@3.0.1
179 silly idealTree +-- lodash._basevalues@3.0.0
179 silly idealTree +-- lodash._getnative@3.9.1
179 silly idealTree +-- lodash._isiterateecall@3.0.9
179 silly idealTree +-- lodash._reescape@3.0.0
179 silly idealTree +-- lodash._reevaluate@3.0.0
179 silly idealTree +-- lodash._reinterpolate@3.0.0
179 silly idealTree +-- lodash._root@3.0.1
179 silly idealTree +-- lodash.escape@3.2.0
179 silly idealTree +-- lodash.isarguments@3.1.0
179 silly idealTree +-- lodash.isarray@3.0.4
179 silly idealTree +-- lodash.keys@3.1.2
179 silly idealTree +-- lodash.pad@4.5.1
179 silly idealTree +-- lodash.padend@4.6.1
179 silly idealTree +-- lodash.padstart@4.6.1
179 silly idealTree +-- lodash.restparam@3.6.1
179 silly idealTree +-- lodash.template@3.6.2
179 silly idealTree +-- lodash.templatesettings@3.1.1
179 silly idealTree +-- lodash@4.17.4
179 silly idealTree +-- longest@1.0.1
179 silly idealTree +-- loose-envify@1.3.1
179 silly idealTree +-- lru-cache@4.0.2
179 silly idealTree +-- makeerror@1.0.11
179 silly idealTree +-- media-typer@0.3.0
179 silly idealTree +-- merge@1.2.0
179 silly idealTree +-- method-override@2.3.8
179 silly idealTree | +-- debug@2.6.3
179 silly idealTree | +-- ms@0.7.2
179 silly idealTree | `-- vary@1.1.1
179 silly idealTree +-- methods@1.1.2
179 silly idealTree +-- micromatch@2.3.11
179 silly idealTree +-- mime-db@1.27.0
179 silly idealTree +-- mime-types@2.1.11
179 silly idealTree | `-- mime-db@1.23.0
179 silly idealTree +-- mime@1.3.4
179 silly idealTree +-- min-document@2.19.0
179 silly idealTree +-- minimatch@3.0.3
179 silly idealTree +-- minimist@1.2.0
179 silly idealTree +-- mkdirp@0.5.1
179 silly idealTree | `-- minimist@0.0.8
179 silly idealTree +-- moment@2.18.1
179 silly idealTree +-- morgan@1.6.1
179 silly idealTree | +-- debug@2.2.0
179 silly idealTree | `-- ms@0.7.1
179 silly idealTree +-- ms@0.7.3
179 silly idealTree +-- multiparty@3.3.2
179 silly idealTree | +-- isarray@0.0.1
179 silly idealTree | +-- readable-stream@1.1.14
179 silly idealTree | `-- string_decoder@0.10.31
179 silly idealTree +-- multipipe@0.1.2
179 silly idealTree +-- mute-stream@0.0.5
179 silly idealTree +-- natural-compare@1.4.0
179 silly idealTree +-- negotiator@0.5.3
179 silly idealTree +-- node-fetch@1.6.3
179 silly idealTree +-- node-int64@0.4.0
179 silly idealTree +-- node-notifier@5.1.2
179 silly idealTree +-- normalize-package-data@2.3.8
179 silly idealTree +-- normalize-path@2.1.1
179 silly idealTree +-- npmlog@2.0.4
179 silly idealTree +-- number-is-nan@1.0.1
179 silly idealTree +-- nwmatcher@1.3.9
179 silly idealTree +-- oauth-sign@0.8.2
179 silly idealTree +-- object-assign@4.1.1
179 silly idealTree +-- object.omit@2.0.1
179 silly idealTree +-- on-finished@2.3.0
179 silly idealTree +-- on-headers@1.0.1
179 silly idealTree +-- once@1.4.0
179 silly idealTree +-- onetime@1.1.0
179 silly idealTree +-- opn@3.0.3
179 silly idealTree +-- optimist@0.6.1
179 silly idealTree | +-- minimist@0.0.10
179 silly idealTree | `-- wordwrap@0.0.3
179 silly idealTree +-- optionator@0.8.2
179 silly idealTree +-- options@0.0.6
179 silly idealTree +-- os-homedir@1.0.2
179 silly idealTree +-- os-locale@1.4.0
179 silly idealTree +-- os-tmpdir@1.0.2
179 silly idealTree +-- p-limit@1.1.0
179 silly idealTree +-- p-locate@2.0.0
179 silly idealTree +-- parse-glob@3.0.4
179 silly idealTree +-- parse-json@2.2.0
179 silly idealTree +-- parse5@1.5.1
179 silly idealTree +-- parseurl@1.3.1
179 silly idealTree +-- path-exists@2.1.0
179 silly idealTree +-- path-is-absolute@1.0.1
179 silly idealTree +-- path-parse@1.0.5
179 silly idealTree +-- path-type@1.1.0
179 silly idealTree +-- pause@0.1.0
179 silly idealTree +-- pegjs@0.9.0
179 silly idealTree +-- performance-now@0.2.0
179 silly idealTree +-- pify@2.3.0
179 silly idealTree +-- pinkie-promise@2.0.1
179 silly idealTree +-- pinkie@2.0.4
179 silly idealTree +-- plist@1.2.0
179 silly idealTree | `-- base64-js@0.0.8
179 silly idealTree +-- prelude-ls@1.1.2
179 silly idealTree +-- preserve@0.2.0
179 silly idealTree +-- pretty-format@19.0.0
179 silly idealTree | `-- ansi-styles@3.0.0
179 silly idealTree +-- private@0.1.7
179 silly idealTree +-- process-nextick-args@1.0.7
179 silly idealTree +-- process@0.5.2
179 silly idealTree +-- promise@7.1.1
179 silly idealTree +-- prr@0.0.0
179 silly idealTree +-- pseudomap@1.0.2
179 silly idealTree +-- punycode@1.4.1
179 silly idealTree +-- qs@4.0.0
179 silly idealTree +-- random-bytes@1.0.0
179 silly idealTree +-- randomatic@1.1.6
179 silly idealTree +-- range-parser@1.0.3
179 silly idealTree +-- raw-body@2.1.7
179 silly idealTree | +-- bytes@2.4.0
179 silly idealTree | `-- iconv-lite@0.4.13
179 silly idealTree +-- react-clone-referenced-element@1.0.1
179 silly idealTree +-- react-deep-force-update@1.0.1
179 silly idealTree +-- react-devtools-core@2.0.12
179 silly idealTree | `-- ws@2.3.1
179 silly idealTree +-- react-native-accordion-xg@0.0.1
179 silly idealTree +-- react-native-action-sheet-xg@0.0.1
179 silly idealTree +-- react-native-buttons@0.0.4
179 silly idealTree +-- react-native-colortool@0.0.1
179 silly idealTree +-- react-native-confirm@0.0.1
179 silly idealTree | `-- react-native-buttons@0.0.3
179 silly idealTree +-- react-native-datepicker@1.4.7
179 silly idealTree +-- react-native-drawer-menu@0.1.0
179 silly idealTree +-- react-native-google-maps-directions@1.1.0
179 silly idealTree +-- react-native-grading@1.0.3
179 silly idealTree +-- react-native-input-xg@0.0.2
179 silly idealTree +-- react-native-label-select@1.0.9
179 silly idealTree +-- react-native-link-xg@0.0.1
179 silly idealTree +-- react-native-modal-picker@0.0.16
179 silly idealTree +-- react-native-picker-android@0.3.8
179 silly idealTree +-- react-native-simple-sound@1.0.0
179 silly idealTree +-- react-native-stylesheet-xg@1.1.0
179 silly idealTree +-- react-native-tab-xg@0.0.1
179 silly idealTree +-- react-native-ui-xg@0.0.4
179 silly idealTree +-- react-native@0.43.3
179 silly idealTree +-- react-proxy@1.1.8
179 silly idealTree +-- react-soundplayer@0.3.6
179 silly idealTree +-- react-test-renderer@16.0.0-alpha.6
179 silly idealTree +-- react-timer-mixin@0.13.3
179 silly idealTree +-- react-transform-hmr@1.0.4
179 silly idealTree +-- react@16.0.0-alpha.6
179 silly idealTree +-- read-pkg-up@1.0.1
179 silly idealTree +-- read-pkg@1.1.0
179 silly idealTree +-- readable-stream@2.2.9
179 silly idealTree +-- readline2@1.0.1
179 silly idealTree +-- rebound@0.0.13
179 silly idealTree +-- regenerate@1.3.2
179 silly idealTree +-- regenerator-runtime@0.9.6
179 silly idealTree +-- regenerator-transform@0.9.11
179 silly idealTree +-- regex-cache@0.4.3
179 silly idealTree +-- regexpu-core@2.0.0
179 silly idealTree +-- regjsgen@0.2.0
179 silly idealTree +-- regjsparser@0.1.5
179 silly idealTree | `-- jsesc@0.5.0
179 silly idealTree +-- remove-trailing-separator@1.0.1
179 silly idealTree +-- repeat-element@1.1.2
179 silly idealTree +-- repeat-string@1.6.1
179 silly idealTree +-- repeating@2.0.1
179 silly idealTree +-- replace-ext@0.0.1
179 silly idealTree +-- request@2.81.0
179 silly idealTree | `-- qs@6.4.0
179 silly idealTree +-- require-directory@2.1.1
179 silly idealTree +-- require-main-filename@1.0.1
179 silly idealTree +-- resolve@1.3.3
179 silly idealTree +-- response-time@2.3.2
179 silly idealTree | `-- depd@1.1.0
179 silly idealTree +-- restore-cursor@1.0.1
179 silly idealTree +-- right-align@0.1.3
179 silly idealTree +-- rimraf@2.6.1
179 silly idealTree | `-- glob@7.1.1
179 silly idealTree +-- rndm@1.2.0
179 silly idealTree +-- run-async@0.1.0
179 silly idealTree +-- rx-lite@3.1.2
179 silly idealTree +-- safe-buffer@5.0.1
179 silly idealTree +-- sane@1.4.1
179 silly idealTree | +-- bser@1.0.2
179 silly idealTree | `-- fb-watchman@1.9.2
179 silly idealTree +-- sax@1.1.6
179 silly idealTree +-- semver@5.3.0
179 silly idealTree +-- send@0.13.2
179 silly idealTree | +-- debug@2.2.0
179 silly idealTree | +-- depd@1.1.0
179 silly idealTree | +-- ms@0.7.1
179 silly idealTree | `-- statuses@1.2.1
179 silly idealTree +-- serve-favicon@2.3.2
179 silly idealTree | `-- ms@0.7.2
179 silly idealTree +-- serve-index@1.7.3
179 silly idealTree | +-- debug@2.2.0
179 silly idealTree | `-- ms@0.7.1
179 silly idealTree +-- serve-static@1.10.3
179 silly idealTree +-- set-blocking@2.0.0
179 silly idealTree +-- setimmediate@1.0.5
179 silly idealTree +-- shebang-command@1.2.0
179 silly idealTree +-- shebang-regex@1.0.0
179 silly idealTree +-- shell-quote@1.6.1
179 silly idealTree +-- shellwords@0.1.0
179 silly idealTree +-- simple-plist@0.1.4
179 silly idealTree +-- slash@1.0.0
179 silly idealTree +-- slide@1.1.6
179 silly idealTree +-- sntp@1.0.9
179 silly idealTree +-- soundcloud-audio@1.1.0
179 silly idealTree +-- source-map-support@0.4.14
179 silly idealTree +-- source-map@0.5.6
179 silly idealTree +-- sparkles@1.0.0
179 silly idealTree +-- spdx-correct@1.0.2
179 silly idealTree +-- spdx-expression-parse@1.0.4
179 silly idealTree +-- spdx-license-ids@1.2.2
179 silly idealTree +-- sprintf-js@1.0.3
179 silly idealTree +-- sshpk@1.13.0
179 silly idealTree | `-- assert-plus@1.0.0
179 silly idealTree +-- stacktrace-parser@0.1.4
179 silly idealTree +-- statuses@1.3.1
179 silly idealTree +-- stream-buffers@0.2.6
179 silly idealTree +-- stream-counter@0.2.0
179 silly idealTree | +-- isarray@0.0.1
179 silly idealTree | +-- readable-stream@1.1.14
179 silly idealTree | `-- string_decoder@0.10.31
179 silly idealTree +-- string_decoder@1.0.0
179 silly idealTree +-- string-length@1.0.1
179 silly idealTree +-- string-width@1.0.2
179 silly idealTree +-- stringstream@0.0.5
179 silly idealTree +-- strip-ansi@3.0.1
179 silly idealTree +-- strip-bom@2.0.0
179 silly idealTree +-- supports-color@2.0.0
179 silly idealTree +-- symbol-tree@3.2.2
179 silly idealTree +-- temp@0.8.3
179 silly idealTree | `-- rimraf@2.2.8
179 silly idealTree +-- test-exclude@4.0.3
179 silly idealTree +-- throat@3.0.0
179 silly idealTree +-- through@2.3.8
179 silly idealTree +-- through2@2.0.3
179 silly idealTree +-- time-stamp@1.0.1
179 silly idealTree +-- tmpl@1.0.4
179 silly idealTree +-- to-fast-properties@1.0.2
179 silly idealTree +-- topo@1.1.0
179 silly idealTree +-- tough-cookie@2.3.2
179 silly idealTree +-- tr46@0.0.3
179 silly idealTree +-- trim-right@1.0.1
179 silly idealTree +-- tsscmp@1.0.5
179 silly idealTree +-- tunnel-agent@0.6.0
179 silly idealTree +-- tweetnacl@0.14.5
179 silly idealTree +-- type-check@0.3.2
179 silly idealTree +-- type-is@1.6.15
179 silly idealTree | `-- mime-types@2.1.15
179 silly idealTree +-- typedarray@0.0.6
179 silly idealTree +-- ua-parser-js@0.7.12
179 silly idealTree +-- uglify-js@2.8.22
179 silly idealTree | `-- yargs@3.10.0
179 silly idealTree +-- uglify-to-browserify@1.0.2
179 silly idealTree +-- uid-safe@2.1.4
179 silly idealTree +-- ultron@1.1.0
179 silly idealTree +-- unpipe@1.0.0
179 silly idealTree +-- util-deprecate@1.0.2
179 silly idealTree +-- utils-merge@1.0.0
179 silly idealTree +-- uuid@3.0.1
179 silly idealTree +-- validate-npm-package-license@3.0.1
179 silly idealTree +-- vary@1.0.1
179 silly idealTree +-- verror@1.3.6
179 silly idealTree +-- vhost@3.0.2
179 silly idealTree +-- vinyl@0.5.3
179 silly idealTree +-- walker@1.0.7
179 silly idealTree +-- watch@0.10.0
179 silly idealTree +-- webidl-conversions@4.0.1
179 silly idealTree +-- whatwg-encoding@1.0.1
179 silly idealTree | `-- iconv-lite@0.4.13
179 silly idealTree +-- whatwg-fetch@1.1.1
179 silly idealTree +-- whatwg-url@4.7.0
179 silly idealTree | `-- webidl-conversions@3.0.1
179 silly idealTree +-- which-module@1.0.0
179 silly idealTree +-- which@1.2.14
179 silly idealTree +-- window-size@0.1.0
179 silly idealTree +-- wordwrap@1.0.0
179 silly idealTree +-- worker-farm@1.3.1
179 silly idealTree +-- wrap-ansi@2.1.0
179 silly idealTree +-- wrappy@1.0.2
179 silly idealTree +-- write-file-atomic@1.3.3
179 silly idealTree +-- ws@1.1.4
179 silly idealTree | `-- ultron@1.0.2
179 silly idealTree +-- xcode@0.8.9
179 silly idealTree | `-- node-uuid@1.4.7
179 silly idealTree +-- xml-name-validator@2.0.1
179 silly idealTree +-- xmlbuilder@4.0.0
179 silly idealTree | `-- lodash@3.10.1
179 silly idealTree +-- xmldoc@0.4.0
179 silly idealTree +-- xmldom@0.1.27
179 silly idealTree +-- xpipe@1.0.5
179 silly idealTree +-- xtend@4.0.1
179 silly idealTree +-- y18n@3.2.1
179 silly idealTree +-- yallist@2.1.2
179 silly idealTree +-- yargs-parser@4.2.1
179 silly idealTree | `-- camelcase@3.0.0
179 silly idealTree `-- yargs@6.6.0
179 silly idealTree   +-- camelcase@3.0.0
179 silly idealTree   `-- cliui@3.2.0
180 silly generateActionsToTake Starting
181 silly install generateActionsToTake
182 silly generateActionsToTake Finishing
183 silly diffTrees action count 3
184 silly diffTrees add classnames@2.2.5
185 silly diffTrees add soundcloud-audio@1.1.0
186 silly diffTrees add react-soundplayer@0.3.6
187 silly decomposeActions action count 24
188 silly decomposeActions fetch classnames@2.2.5
189 silly decomposeActions extract classnames@2.2.5
190 silly decomposeActions test classnames@2.2.5
191 silly decomposeActions preinstall classnames@2.2.5
192 silly decomposeActions build classnames@2.2.5
193 silly decomposeActions install classnames@2.2.5
194 silly decomposeActions postinstall classnames@2.2.5
195 silly decomposeActions finalize classnames@2.2.5
196 silly decomposeActions fetch soundcloud-audio@1.1.0
197 silly decomposeActions extract soundcloud-audio@1.1.0
198 silly decomposeActions test soundcloud-audio@1.1.0
199 silly decomposeActions preinstall soundcloud-audio@1.1.0
200 silly decomposeActions build soundcloud-audio@1.1.0
201 silly decomposeActions install soundcloud-audio@1.1.0
202 silly decomposeActions postinstall soundcloud-audio@1.1.0
203 silly decomposeActions finalize soundcloud-audio@1.1.0
204 silly decomposeActions fetch react-soundplayer@0.3.6
205 silly decomposeActions extract react-soundplayer@0.3.6
206 silly decomposeActions test react-soundplayer@0.3.6
207 silly decomposeActions preinstall react-soundplayer@0.3.6
208 silly decomposeActions build react-soundplayer@0.3.6
209 silly decomposeActions install react-soundplayer@0.3.6
210 silly decomposeActions postinstall react-soundplayer@0.3.6
211 silly decomposeActions finalize react-soundplayer@0.3.6
212 silly runTopLevelLifecycles Starting
213 silly executeActions Starting
214 silly install executeActions
215 silly doSerial global-install 0
216 silly doParallel fetch 3
217 verbose correctMkdir C:\Users\Ha C O Hai\AppData\Roaming\npm-cache\_locks correctMkdir not in flight; initializing
218 verbose lock using C:\Users\Ha C O Hai\AppData\Roaming\npm-cache\_locks\staging-456b5746445aff21.lock for F:\UNGDUNGPHANTAN\seminar\node_modules\.staging
219 silly doParallel extract 3
220 silly extract classnames@2.2.5
221 silly extract soundcloud-audio@1.1.0
222 silly extract react-soundplayer@0.3.6
223 verbose unbuild node_modules\.staging\classnames-876f0971
224 verbose unbuild node_modules\.staging\soundcloud-audio-6e959e42
225 verbose unbuild node_modules\.staging\react-soundplayer-0865e754
226 silly gentlyRm F:\UNGDUNGPHANTAN\seminar\node_modules\.staging\classnames-876f0971 is being purged from base F:\UNGDUNGPHANTAN\seminar
227 verbose gentlyRm don't care about contents; nuking F:\UNGDUNGPHANTAN\seminar\node_modules\.staging\classnames-876f0971
228 silly gentlyRm F:\UNGDUNGPHANTAN\seminar\node_modules\.staging\soundcloud-audio-6e959e42 is being purged from base F:\UNGDUNGPHANTAN\seminar
229 verbose gentlyRm don't care about contents; nuking F:\UNGDUNGPHANTAN\seminar\node_modules\.staging\soundcloud-audio-6e959e42
230 silly gentlyRm F:\UNGDUNGPHANTAN\seminar\node_modules\.staging\react-soundplayer-0865e754 is being purged from base F:\UNGDUNGPHANTAN\seminar
231 verbose gentlyRm don't care about contents; nuking F:\UNGDUNGPHANTAN\seminar\node_modules\.staging\react-soundplayer-0865e754
232 verbose tar unpack C:\Users\Ha C O Hai\AppData\Roaming\npm-cache\classnames\2.2.5\package.tgz
233 verbose tar unpacking to F:\UNGDUNGPHANTAN\seminar\node_modules\.staging\classnames-876f0971
234 silly gentlyRm F:\UNGDUNGPHANTAN\seminar\node_modules\.staging\classnames-876f0971 is being purged
235 verbose gentlyRm don't care about contents; nuking F:\UNGDUNGPHANTAN\seminar\node_modules\.staging\classnames-876f0971
236 verbose tar unpack C:\Users\Ha C O Hai\AppData\Roaming\npm-cache\soundcloud-audio\1.1.0\package.tgz
237 verbose tar unpacking to F:\UNGDUNGPHANTAN\seminar\node_modules\.staging\soundcloud-audio-6e959e42
238 silly gentlyRm F:\UNGDUNGPHANTAN\seminar\node_modules\.staging\soundcloud-audio-6e959e42 is being purged
239 verbose gentlyRm don't care about contents; nuking F:\UNGDUNGPHANTAN\seminar\node_modules\.staging\soundcloud-audio-6e959e42
240 verbose tar unpack C:\Users\Ha C O Hai\AppData\Roaming\npm-cache\react-soundplayer\0.3.6\package.tgz
241 verbose tar unpacking to F:\UNGDUNGPHANTAN\seminar\node_modules\.staging\react-soundplayer-0865e754
242 silly gentlyRm F:\UNGDUNGPHANTAN\seminar\node_modules\.staging\react-soundplayer-0865e754 is being purged
243 verbose gentlyRm don't care about contents; nuking F:\UNGDUNGPHANTAN\seminar\node_modules\.staging\react-soundplayer-0865e754
244 silly gunzTarPerm modes [ '777', '666' ]
245 silly gunzTarPerm modes [ '777', '666' ]
246 silly gunzTarPerm modes [ '777', '666' ]
247 silly gunzTarPerm extractEntry package.json
248 silly gunzTarPerm modified mode [ 'package.json', 420, 438 ]
249 silly gunzTarPerm extractEntry package.json
250 silly gunzTarPerm modified mode [ 'package.json', 420, 438 ]
251 silly gunzTarPerm extractEntry package.json
252 silly gunzTarPerm modified mode [ 'package.json', 420, 438 ]
253 silly gunzTarPerm extractEntry .npmignore
254 silly gunzTarPerm modified mode [ '.npmignore', 420, 438 ]
255 silly gunzTarPerm extractEntry README.md
256 silly gunzTarPerm modified mode [ 'README.md', 420, 438 ]
257 silly gunzTarPerm extractEntry .npmignore
258 silly gunzTarPerm modified mode [ '.npmignore', 420, 438 ]
259 silly gunzTarPerm extractEntry README.md
260 silly gunzTarPerm modified mode [ 'README.md', 420, 438 ]
261 silly gunzTarPerm extractEntry README.md
262 silly gunzTarPerm modified mode [ 'README.md', 420, 438 ]
263 silly gunzTarPerm extractEntry LICENSE
264 silly gunzTarPerm modified mode [ 'LICENSE', 420, 438 ]
265 silly gunzTarPerm extractEntry index.js
266 silly gunzTarPerm modified mode [ 'index.js', 420, 438 ]
267 silly gunzTarPerm extractEntry bower.json
268 silly gunzTarPerm modified mode [ 'bower.json', 420, 438 ]
269 silly gunzTarPerm extractEntry .eslintrc
270 silly gunzTarPerm modified mode [ '.eslintrc', 420, 438 ]
271 silly gunzTarPerm extractEntry .jshintrc
272 silly gunzTarPerm modified mode [ '.jshintrc', 420, 438 ]
273 silly gunzTarPerm extractEntry .editorconfig
274 silly gunzTarPerm modified mode [ '.editorconfig', 420, 438 ]
275 silly gunzTarPerm extractEntry .travis.yml
276 silly gunzTarPerm modified mode [ '.travis.yml', 420, 438 ]
277 silly gunzTarPerm extractEntry addons.js
278 silly gunzTarPerm modified mode [ 'addons.js', 420, 438 ]
279 silly gunzTarPerm extractEntry components.js
280 silly gunzTarPerm modified mode [ 'components.js', 420, 438 ]
281 silly gunzTarPerm extractEntry index.js
282 silly gunzTarPerm modified mode [ 'index.js', 420, 438 ]
283 silly gunzTarPerm extractEntry .sublimelinterrc
284 silly gunzTarPerm modified mode [ '.sublimelinterrc', 420, 438 ]
285 silly gunzTarPerm extractEntry .eslintrc
286 silly gunzTarPerm modified mode [ '.eslintrc', 420, 438 ]
287 silly gunzTarPerm extractEntry cssnext/buttons.css
288 silly gunzTarPerm modified mode [ 'cssnext/buttons.css', 420, 438 ]
289 silly gunzTarPerm extractEntry cssnext/cover.css
290 silly gunzTarPerm modified mode [ 'cssnext/cover.css', 420, 438 ]
291 silly gunzTarPerm extractEntry cssnext/icons.css
292 silly gunzTarPerm modified mode [ 'cssnext/icons.css', 420, 438 ]
293 silly gunzTarPerm extractEntry cssnext/progress.css
294 silly gunzTarPerm modified mode [ 'cssnext/progress.css', 420, 438 ]
295 silly gunzTarPerm extractEntry .jshintignore
296 silly gunzTarPerm modified mode [ '.jshintignore', 420, 438 ]
297 silly gunzTarPerm extractEntry lib/addons/SoundPlayerContainer.js
298 silly gunzTarPerm modified mode [ 'lib/addons/SoundPlayerContainer.js', 420, 438 ]
299 silly gunzTarPerm extractEntry lib/addons/index.js
300 silly gunzTarPerm modified mode [ 'lib/addons/index.js', 420, 438 ]
301 silly gunzTarPerm extractEntry lib/components/Cover.js
302 silly gunzTarPerm modified mode [ 'lib/components/Cover.js', 420, 438 ]
303 silly gunzTarPerm extractEntry lib/components/Icons.js
304 silly gunzTarPerm modified mode [ 'lib/components/Icons.js', 420, 438 ]
305 silly gunzTarPerm extractEntry lib/components/NextButton.js
306 silly gunzTarPerm modified mode [ 'lib/components/NextButton.js', 420, 438 ]
307 silly gunzTarPerm extractEntry lib/components/PlayButton.js
308 silly gunzTarPerm modified mode [ 'lib/components/PlayButton.js', 420, 438 ]
309 silly gunzTarPerm extractEntry lib/components/PrevButton.js
310 silly gunzTarPerm modified mode [ 'lib/components/PrevButton.js', 420, 438 ]
311 silly gunzTarPerm extractEntry lib/components/Progress.js
312 silly gunzTarPerm modified mode [ 'lib/components/Progress.js', 420, 438 ]
313 silly gunzTarPerm extractEntry lib/components/Timer.js
314 silly gunzTarPerm modified mode [ 'lib/components/Timer.js', 420, 438 ]
315 silly gunzTarPerm extractEntry lib/components/index.js
316 silly gunzTarPerm modified mode [ 'lib/components/index.js', 420, 438 ]
317 silly gunzTarPerm extractEntry lib/utils/audioStore.js
318 silly gunzTarPerm modified mode [ 'lib/utils/audioStore.js', 420, 438 ]
319 silly gunzTarPerm extractEntry .jshintrc
320 silly gunzTarPerm modified mode [ '.jshintrc', 420, 438 ]
321 silly gunzTarPerm extractEntry styles/buttons.css
322 silly gunzTarPerm modified mode [ 'styles/buttons.css', 420, 438 ]
323 silly gunzTarPerm extractEntry styles/cover.css
324 silly gunzTarPerm modified mode [ 'styles/cover.css', 420, 438 ]
325 silly gunzTarPerm extractEntry styles/icons.css
326 silly gunzTarPerm modified mode [ 'styles/icons.css', 420, 438 ]
327 silly gunzTarPerm extractEntry styles/progress.css
328 silly gunzTarPerm modified mode [ 'styles/progress.css', 420, 438 ]
329 silly gunzTarPerm extractEntry bind.js
330 silly gunzTarPerm modified mode [ 'bind.js', 420, 438 ]
331 silly gunzTarPerm extractEntry dedupe.js
332 silly gunzTarPerm modified mode [ 'dedupe.js', 420, 438 ]
333 silly gunzTarPerm extractEntry index.js
334 silly gunzTarPerm modified mode [ 'index.js', 420, 438 ]
335 silly gunzTarPerm extractEntry CONTRIBUTING.md
336 silly gunzTarPerm modified mode [ 'CONTRIBUTING.md', 420, 438 ]
337 silly gunzTarPerm extractEntry bower.json
338 silly gunzTarPerm modified mode [ 'bower.json', 420, 438 ]
339 silly gunzTarPerm extractEntry HISTORY.md
340 silly gunzTarPerm modified mode [ 'HISTORY.md', 420, 438 ]
341 silly gentlyRm F:\UNGDUNGPHANTAN\seminar\node_modules\.staging\soundcloud-audio-6e959e42\node_modules is being purged
342 verbose gentlyRm don't care about contents; nuking F:\UNGDUNGPHANTAN\seminar\node_modules\.staging\soundcloud-audio-6e959e42\node_modules
343 silly gentlyRm F:\UNGDUNGPHANTAN\seminar\node_modules\.staging\classnames-876f0971\node_modules is being purged
344 verbose gentlyRm don't care about contents; nuking F:\UNGDUNGPHANTAN\seminar\node_modules\.staging\classnames-876f0971\node_modules
345 silly gentlyRm F:\UNGDUNGPHANTAN\seminar\node_modules\.staging\react-soundplayer-0865e754\node_modules is being purged
346 verbose gentlyRm don't care about contents; nuking F:\UNGDUNGPHANTAN\seminar\node_modules\.staging\react-soundplayer-0865e754\node_modules
347 silly doParallel preinstall 3
348 silly preinstall classnames@2.2.5 F:\UNGDUNGPHANTAN\seminar\node_modules\.staging\classnames-876f0971
349 info lifecycle classnames@2.2.5~preinstall: classnames@2.2.5
350 silly preinstall soundcloud-audio@1.1.0 F:\UNGDUNGPHANTAN\seminar\node_modules\.staging\soundcloud-audio-6e959e42
351 info lifecycle soundcloud-audio@1.1.0~preinstall: soundcloud-audio@1.1.0
352 silly preinstall react-soundplayer@0.3.6 F:\UNGDUNGPHANTAN\seminar\node_modules\.staging\react-soundplayer-0865e754
353 info lifecycle react-soundplayer@0.3.6~preinstall: react-soundplayer@0.3.6
354 silly lifecycle classnames@2.2.5~preinstall: no script for preinstall, continuing
355 silly lifecycle soundcloud-audio@1.1.0~preinstall: no script for preinstall, continuing
356 silly lifecycle react-soundplayer@0.3.6~preinstall: no script for preinstall, continuing
357 silly doReverseSerial remove 0
358 silly doSerial move 0
359 silly doSerial finalize 3
360 silly finalize F:\UNGDUNGPHANTAN\seminar\node_modules\classnames
361 silly finalize F:\UNGDUNGPHANTAN\seminar\node_modules\soundcloud-audio
362 silly finalize F:\UNGDUNGPHANTAN\seminar\node_modules\react-soundplayer
363 verbose unlock done using C:\Users\Ha C O Hai\AppData\Roaming\npm-cache\_locks\staging-456b5746445aff21.lock for F:\UNGDUNGPHANTAN\seminar\node_modules\.staging
364 silly rollbackFailedOptional Starting
365 silly rollbackFailedOptional Finishing
366 silly runTopLevelLifecycles Finishing
367 silly install printInstalled
368 warn react-soundplayer@0.3.6 requires a peer of react@^0.14.x but none was installed.
369 verbose If you need help, you may report this error at:
369 verbose     <https://github.com/npm/npm/issues>
370 warn react-soundplayer@0.3.6 requires a peer of react-dom@^0.14.x but none was installed.
371 verbose If you need help, you may report this error at:
371 verbose     <https://github.com/npm/npm/issues>
372 verbose stack Error: EPERM: operation not permitted, rename 'F:\UNGDUNGPHANTAN\seminar\node_modules\.staging\react-soundplayer-0865e754' -> 'F:\UNGDUNGPHANTAN\seminar\node_modules\react-soundplayer'
372 verbose stack     at destStatted (C:\Program Files\nodejs\node_modules\npm\lib\install\action\finalize.js:25:7)
372 verbose stack     at C:\Program Files\nodejs\node_modules\npm\node_modules\graceful-fs\polyfills.js:264:29
372 verbose stack     at FSReqWrap.oncomplete (fs.js:123:15)
372 verbose stack
372 verbose stack Error: EPERM: operation not permitted, rename 'F:\UNGDUNGPHANTAN\seminar\node_modules\.staging\react-soundplayer-0865e754' -> 'F:\UNGDUNGPHANTAN\seminar\node_modules\react-soundplayer'
372 verbose stack     at Error (native)
373 verbose cwd F:\UNGDUNGPHANTAN\seminar
374 error Windows_NT 6.3.9600
375 error argv "C:\\Program Files\\nodejs\\node.exe" "C:\\Program Files\\nodejs\\node_modules\\npm\\bin\\npm-cli.js" "install" "react-soundplayer" "--save"
376 error node v6.10.0
377 error npm  v3.10.10
378 error path F:\UNGDUNGPHANTAN\seminar\node_modules\.staging\react-soundplayer-0865e754
379 error code EPERM
380 error errno -4048
381 error syscall rename
382 error Error: EPERM: operation not permitted, rename 'F:\UNGDUNGPHANTAN\seminar\node_modules\.staging\react-soundplayer-0865e754' -> 'F:\UNGDUNGPHANTAN\seminar\node_modules\react-soundplayer'
382 error     at destStatted (C:\Program Files\nodejs\node_modules\npm\lib\install\action\finalize.js:25:7)
382 error     at C:\Program Files\nodejs\node_modules\npm\node_modules\graceful-fs\polyfills.js:264:29
382 error     at FSReqWrap.oncomplete (fs.js:123:15)
382 error
382 error Error: EPERM: operation not permitted, rename 'F:\UNGDUNGPHANTAN\seminar\node_modules\.staging\react-soundplayer-0865e754' -> 'F:\UNGDUNGPHANTAN\seminar\node_modules\react-soundplayer'
382 error     at Error (native)
382 error  { Error: EPERM: operation not permitted, rename 'F:\UNGDUNGPHANTAN\seminar\node_modules\.staging\react-soundplayer-0865e754' -> 'F:\UNGDUNGPHANTAN\seminar\node_modules\react-soundplayer'
382 error     at destStatted (C:\Program Files\nodejs\node_modules\npm\lib\install\action\finalize.js:25:7)
382 error     at C:\Program Files\nodejs\node_modules\npm\node_modules\graceful-fs\polyfills.js:264:29
382 error     at FSReqWrap.oncomplete (fs.js:123:15)
382 error
382 error Error: EPERM: operation not permitted, rename 'F:\UNGDUNGPHANTAN\seminar\node_modules\.staging\react-soundplayer-0865e754' -> 'F:\UNGDUNGPHANTAN\seminar\node_modules\react-soundplayer'
382 error     at Error (native) parent: 'seminar' }
383 error Please try running this command again as root/Administrator.
384 verbose exit [ -4048, true ]
